;  LST file generated by mikroListExporter - v.2.0 
; Date/Time: 5/27/2025 3:13:18 PM
;----------------------------------------------

;Address Opcode 	ASM
0x0000	0x2B84      	GOTO       900
_interrupt:
0x0004	0x00FF      	MOVWF      R15
0x0005	0x0E03      	SWAPF      STATUS, 0
0x0006	0x0183      	CLRF       STATUS
0x0007	0x00B8      	MOVWF      ___saveSTATUS
0x0008	0x080A      	MOVF       PCLATH, 0
0x0009	0x00B7      	MOVWF      ___savePCLATH
0x000A	0x018A      	CLRF       PCLATH
0x000B	0x0870      	MOVF       R0, 0
0x000C	0x00AA      	MOVWF      42
0x000D	0x0871      	MOVF       R1, 0
0x000E	0x00A9      	MOVWF      41
0x000F	0x0872      	MOVF       R2, 0
0x0010	0x00A8      	MOVWF      40
0x0011	0x0873      	MOVF       R3, 0
0x0012	0x00A7      	MOVWF      39
0x0013	0x0874      	MOVF       R4, 0
0x0014	0x00A6      	MOVWF      38
0x0015	0x0875      	MOVF       R5, 0
0x0016	0x00A5      	MOVWF      37
0x0017	0x0878      	MOVF       R8, 0
0x0018	0x00A4      	MOVWF      36
0x0019	0x087A      	MOVF       R10, 0
0x001A	0x00A3      	MOVWF      35
0x001B	0x087B      	MOVF       R11, 0
0x001C	0x00A2      	MOVWF      34
0x001D	0x087C      	MOVF       R12, 0
0x001E	0x00A1      	MOVWF      33
;mars_rover.c,28 :: 		void interrupt(void){
;mars_rover.c,30 :: 		if(PIR1 & 0x04){                                           // CCP1 interrupt
0x001F	0x1D0C      	BTFSS      PIR1, 2
0x0020	0x2848      	GOTO       L_interrupt4
;mars_rover.c,31 :: 		if(HL){                                // high
0x0021	0x0831      	MOVF       _HL, 0
0x0022	0x1903      	BTFSC      STATUS, 2
0x0023	0x2831      	GOTO       L_interrupt5
;mars_rover.c,32 :: 		CCPR1H = angle >> 8;
0x0024	0x0836      	MOVF       _angle+1, 0
0x0025	0x00F0      	MOVWF      R0
0x0026	0x01F1      	CLRF       R0+1
0x0027	0x0870      	MOVF       R0, 0
0x0028	0x0096      	MOVWF      CCPR1H
;mars_rover.c,33 :: 		CCPR1L = angle;
0x0029	0x0835      	MOVF       _angle, 0
0x002A	0x0095      	MOVWF      CCPR1L
;mars_rover.c,34 :: 		HL = 0;                      // next time low
0x002B	0x01B1      	CLRF       _HL
;mars_rover.c,35 :: 		CCP1CON = 0x09;              // compare mode, clear output on match
0x002C	0x3009      	MOVLW      9
0x002D	0x0097      	MOVWF      CCP1CON
;mars_rover.c,36 :: 		TMR1H = 0;
0x002E	0x018F      	CLRF       TMR1H
;mars_rover.c,37 :: 		TMR1L = 0;
0x002F	0x018E      	CLRF       TMR1L
;mars_rover.c,38 :: 		}
0x0030	0x2846      	GOTO       L_interrupt6
L_interrupt5:
;mars_rover.c,40 :: 		CCPR1H = (40000 - angle) >> 8;       // 40000 counts correspond to 20ms
0x0031	0x0835      	MOVF       _angle, 0
0x0032	0x3C40      	SUBLW      64
0x0033	0x00F3      	MOVWF      R3
0x0034	0x0836      	MOVF       _angle+1, 0
0x0035	0x1C03      	BTFSS      STATUS, 0
0x0036	0x3E01      	ADDLW      1
0x0037	0x3C9C      	SUBLW      156
0x0038	0x00F4      	MOVWF      R3+1
0x0039	0x0874      	MOVF       R3+1, 0
0x003A	0x00F0      	MOVWF      R0
0x003B	0x01F1      	CLRF       R0+1
0x003C	0x0870      	MOVF       R0, 0
0x003D	0x0096      	MOVWF      CCPR1H
;mars_rover.c,41 :: 		CCPR1L = (40000 - angle);
0x003E	0x0873      	MOVF       R3, 0
0x003F	0x0095      	MOVWF      CCPR1L
;mars_rover.c,42 :: 		CCP1CON = 0x08;             // compare mode, set output on match
0x0040	0x3008      	MOVLW      8
0x0041	0x0097      	MOVWF      CCP1CON
;mars_rover.c,43 :: 		HL = 1;                     //next time High
0x0042	0x3001      	MOVLW      1
0x0043	0x00B1      	MOVWF      _HL
;mars_rover.c,44 :: 		TMR1H = 0;
0x0044	0x018F      	CLRF       TMR1H
;mars_rover.c,45 :: 		TMR1L = 0;
0x0045	0x018E      	CLRF       TMR1L
;mars_rover.c,46 :: 		}
L_interrupt6:
;mars_rover.c,48 :: 		PIR1 = PIR1&0xFB;
0x0046	0x30FB      	MOVLW      251
0x0047	0x058C      	ANDWF      PIR1, 1
;mars_rover.c,50 :: 		}
L_interrupt4:
;mars_rover.c,51 :: 		if (INTCON & 0x02) {  // Check INTF
0x0048	0x1C8B      	BTFSS      INTCON, 1
0x0049	0x284E      	GOTO       L_interrupt7
;mars_rover.c,52 :: 		if (!(PORTB & 0x01)) { // If RB0 is LOW
0x004A	0x1806      	BTFSC      PORTB, 0
0x004B	0x284D      	GOTO       L_interrupt8
;mars_rover.c,53 :: 		PORTD |= 0x01;  // Turn on light at PORTB2
0x004C	0x1408      	BSF        PORTD, 0
;mars_rover.c,54 :: 		}
L_interrupt8:
;mars_rover.c,55 :: 		INTCON &= ~0x02;  // Clear INTF
0x004D	0x108B      	BCF        INTCON, 1
;mars_rover.c,56 :: 		}
L_interrupt7:
;mars_rover.c,57 :: 		if (INTCON & 0x04) {  // Check INTF
0x004E	0x1D0B      	BTFSS      INTCON, 2
0x004F	0x2852      	GOTO       L_interrupt9
;mars_rover.c,58 :: 		ATD_read();
0x0050	0x2348      	CALL       _ATD_read
;mars_rover.c,59 :: 		INTCON &= ~0x04;  // Clear INTF
0x0051	0x110B      	BCF        INTCON, 2
;mars_rover.c,60 :: 		}
L_interrupt9:
;mars_rover.c,61 :: 		}
L_end_interrupt:
L__interrupt41:
0x0052	0x082A      	MOVF       42, 0
0x0053	0x00F0      	MOVWF      R0
0x0054	0x0829      	MOVF       41, 0
0x0055	0x00F1      	MOVWF      R1
0x0056	0x0828      	MOVF       40, 0
0x0057	0x00F2      	MOVWF      R2
0x0058	0x0827      	MOVF       39, 0
0x0059	0x00F3      	MOVWF      R3
0x005A	0x0826      	MOVF       38, 0
0x005B	0x00F4      	MOVWF      R4
0x005C	0x0825      	MOVF       37, 0
0x005D	0x00F5      	MOVWF      R5
0x005E	0x0824      	MOVF       36, 0
0x005F	0x00F8      	MOVWF      R8
0x0060	0x0823      	MOVF       35, 0
0x0061	0x00FA      	MOVWF      R10
0x0062	0x0822      	MOVF       34, 0
0x0063	0x00FB      	MOVWF      R11
0x0064	0x0821      	MOVF       33, 0
0x0065	0x00FC      	MOVWF      R12
0x0066	0x0837      	MOVF       ___savePCLATH, 0
0x0067	0x008A      	MOVWF      PCLATH
0x0068	0x0E38      	SWAPF      ___saveSTATUS, 0
0x0069	0x0083      	MOVWF      STATUS
0x006A	0x0EFF      	SWAPF      R15, 1
0x006B	0x0E7F      	SWAPF      R15, 0
0x006C	0x0009      	RETFIE
; end of _interrupt
_RES032:
;__Lib_MathDouble.c,123 :: 		
;__Lib_MathDouble.c,128 :: 		
0x006D	0x01F2      	CLRF       R2
;__Lib_MathDouble.c,129 :: 		
0x006E	0x01F1      	CLRF       R1
;__Lib_MathDouble.c,130 :: 		
0x006F	0x01F0      	CLRF       R0
;__Lib_MathDouble.c,131 :: 		
0x0070	0x01F8      	CLRF       R8
;__Lib_MathDouble.c,132 :: 		
0x0071	0x01F3      	CLRF       R3
;__Lib_MathDouble.c,133 :: 		
0x0072	0x3000      	MOVLW      0
;__Lib_MathDouble.c,135 :: 		
L_end_RES032:
0x0073	0x0008      	RETURN
; end of _RES032
_SETFUN32:
;__Lib_MathDouble.c,138 :: 		
;__Lib_MathDouble.c,145 :: 		
0x0074	0x157B      	BSF        R11, 2
;__Lib_MathDouble.c,146 :: 		
0x0075	0x1FFB      	BTFSS      R11, 7
;__Lib_MathDouble.c,147 :: 		
0x0076	0x287E      	GOTO       SETFUN32EEE
;__Lib_MathDouble.c,148 :: 		
0x0077	0x3001      	MOVLW      1
;__Lib_MathDouble.c,149 :: 		
0x0078	0x00F3      	MOVWF      R3
;__Lib_MathDouble.c,150 :: 		
0x0079	0x01F2      	CLRF       R2
;__Lib_MathDouble.c,151 :: 		
0x007A	0x01F1      	CLRF       R1
;__Lib_MathDouble.c,152 :: 		
0x007B	0x01F0      	CLRF       R0
;__Lib_MathDouble.c,153 :: 		
0x007C	0x0DFA      	RLF        R10, 1
;__Lib_MathDouble.c,154 :: 		
0x007D	0x0CF2      	RRF        R2, 1
;__Lib_MathDouble.c,155 :: 		
SETFUN32EEE:
;__Lib_MathDouble.c,156 :: 		
0x007E	0x30FF      	MOVLW      255
;__Lib_MathDouble.c,158 :: 		
L_end_SETFUN32:
0x007F	0x0008      	RETURN
; end of _SETFUN32
_FIXSIGN32:
;__Lib_MathDouble.c,112 :: 		
;__Lib_MathDouble.c,116 :: 		
0x0080	0x1FFA      	BTFSS      R10, 7
;__Lib_MathDouble.c,117 :: 		
0x0081	0x13F2      	BCF        R2, 7
;__Lib_MathDouble.c,118 :: 		
0x0082	0x3000      	MOVLW      0
;__Lib_MathDouble.c,120 :: 		
L_end_FIXSIGN32:
0x0083	0x0008      	RETURN
; end of _FIXSIGN32
_SETFOV32:
;__Lib_MathDouble.c,79 :: 		
;__Lib_MathDouble.c,86 :: 		
0x0084	0x14FB      	BSF        R11, 1
;__Lib_MathDouble.c,87 :: 		
0x0085	0x1FFB      	BTFSS      R11, 7
;__Lib_MathDouble.c,88 :: 		
0x0086	0x288E      	GOTO       SETFOV32EEE
;__Lib_MathDouble.c,89 :: 		
0x0087	0x30FF      	MOVLW      255
;__Lib_MathDouble.c,90 :: 		
0x0088	0x00F3      	MOVWF      R3
;__Lib_MathDouble.c,91 :: 		
0x0089	0x00F2      	MOVWF      R2
;__Lib_MathDouble.c,92 :: 		
0x008A	0x00F1      	MOVWF      R1
;__Lib_MathDouble.c,93 :: 		
0x008B	0x00F0      	MOVWF      R0
;__Lib_MathDouble.c,94 :: 		
0x008C	0x0DFA      	RLF        R10, 1
;__Lib_MathDouble.c,95 :: 		
0x008D	0x0CF2      	RRF        R2, 1
;__Lib_MathDouble.c,96 :: 		
SETFOV32EEE:
;__Lib_MathDouble.c,97 :: 		
0x008E	0x30FF      	MOVLW      255
;__Lib_MathDouble.c,99 :: 		
L_end_SETFOV32:
0x008F	0x0008      	RETURN
; end of _SETFOV32
_SETFDZ32:
;__Lib_MathDouble.c,102 :: 		
;__Lib_MathDouble.c,105 :: 		
0x0090	0x15FB      	BSF        R11, 3
;__Lib_MathDouble.c,106 :: 		
0x0091	0x30FF      	MOVLW      255
;__Lib_MathDouble.c,108 :: 		
L_end_SETFDZ32:
0x0092	0x0008      	RETURN
; end of _SETFDZ32
_SETIOV3224:
;__Lib_MathDouble.c,1000 :: 		
;__Lib_MathDouble.c,1006 :: 		
0x0093	0x147B      	BSF        R11, 0
;__Lib_MathDouble.c,1007 :: 		
0x0094	0x1FFB      	BTFSS      R11, 7
;__Lib_MathDouble.c,1008 :: 		
0x0095	0x289E      	GOTO       SETIOV3224EEE
;__Lib_MathDouble.c,1010 :: 		
0x0096	0x01F2      	CLRF       R2
;__Lib_MathDouble.c,1011 :: 		
0x0097	0x1FFA      	BTFSS      R10, 7
;__Lib_MathDouble.c,1012 :: 		
0x0098	0x30FF      	MOVLW      255
;__Lib_MathDouble.c,1013 :: 		
0x0099	0x00F2      	MOVWF      R2
;__Lib_MathDouble.c,1014 :: 		
0x009A	0x00F1      	MOVWF      R1
;__Lib_MathDouble.c,1015 :: 		
0x009B	0x00F0      	MOVWF      R0
;__Lib_MathDouble.c,1016 :: 		
0x009C	0x0DFA      	RLF        R10, 1
;__Lib_MathDouble.c,1017 :: 		
0x009D	0x0CF2      	RRF        R2, 1
;__Lib_MathDouble.c,1018 :: 		
SETIOV3224EEE:
;__Lib_MathDouble.c,1019 :: 		
0x009E	0x30FF      	MOVLW      255
;__Lib_MathDouble.c,1021 :: 		
L_end_SETIOV3224:
0x009F	0x0008      	RETURN
; end of _SETIOV3224
_NRM3232:
;__Lib_MathDouble.c,167 :: 		
;__Lib_MathDouble.c,173 :: 		
;__Lib_MathDouble.c,175 :: 		
0x00A0	0x01A0      	CLRF       __math_tempbD
;__Lib_MathDouble.c,176 :: 		
0x00A1	0x0872      	MOVF       R2, 0
;__Lib_MathDouble.c,177 :: 		
0x00A2	0x1D03      	BTFSS      STATUS, 2
;__Lib_MathDouble.c,178 :: 		
0x00A3	0x28B5      	GOTO       NORM3232
;__Lib_MathDouble.c,179 :: 		
0x00A4	0x0871      	MOVF       R1, 0
;__Lib_MathDouble.c,180 :: 		
0x00A5	0x00F2      	MOVWF      R2
;__Lib_MathDouble.c,181 :: 		
0x00A6	0x0870      	MOVF       R0, 0
;__Lib_MathDouble.c,182 :: 		
0x00A7	0x00F1      	MOVWF      R1
;__Lib_MathDouble.c,183 :: 		
0x00A8	0x01F0      	CLRF       R0
;__Lib_MathDouble.c,184 :: 		
0x00A9	0x15A0      	BSF        __math_tempbD, 3
;__Lib_MathDouble.c,186 :: 		
0x00AA	0x0872      	MOVF       R2, 0
;__Lib_MathDouble.c,187 :: 		
0x00AB	0x1D03      	BTFSS      STATUS, 2
;__Lib_MathDouble.c,188 :: 		
0x00AC	0x28B5      	GOTO       NORM3232
;__Lib_MathDouble.c,189 :: 		
0x00AD	0x0871      	MOVF       R1, 0
;__Lib_MathDouble.c,190 :: 		
0x00AE	0x00F2      	MOVWF      R2
;__Lib_MathDouble.c,191 :: 		
0x00AF	0x01F1      	CLRF       R1
;__Lib_MathDouble.c,192 :: 		
0x00B0	0x11A0      	BCF        __math_tempbD, 3
;__Lib_MathDouble.c,193 :: 		
0x00B1	0x1620      	BSF        __math_tempbD, 4
;__Lib_MathDouble.c,195 :: 		
0x00B2	0x0872      	MOVF       R2, 0
;__Lib_MathDouble.c,196 :: 		
0x00B3	0x1903      	BTFSC      STATUS, 2
;__Lib_MathDouble.c,197 :: 		
0x00B4	0x28C3      	GOTO       JPNRES032
;__Lib_MathDouble.c,198 :: 		
NORM3232:
;__Lib_MathDouble.c,199 :: 		
0x00B5	0x0820      	MOVF       __math_tempbD, 0
;__Lib_MathDouble.c,200 :: 		
0x00B6	0x02F3      	SUBWF      R3, 1
;__Lib_MathDouble.c,201 :: 		
0x00B7	0x1D03      	BTFSS      STATUS, 2
;__Lib_MathDouble.c,202 :: 		
0x00B8	0x1C03      	BTFSS      STATUS, 0
;__Lib_MathDouble.c,203 :: 		
0x00B9	0x28C7      	GOTO       JPNSETFUN32
;__Lib_MathDouble.c,204 :: 		
0x00BA	0x1003      	BCF        STATUS, 0
;__Lib_MathDouble.c,205 :: 		
NORM3232A:
;__Lib_MathDouble.c,206 :: 		
0x00BB	0x1BF2      	BTFSC      R2, 7
;__Lib_MathDouble.c,207 :: 		
0x00BC	0x28CB      	GOTO       JMPNFIXSIGN32
;__Lib_MathDouble.c,208 :: 		
0x00BD	0x0DF0      	RLF        R0, 1
;__Lib_MathDouble.c,209 :: 		
0x00BE	0x0DF1      	RLF        R1, 1
;__Lib_MathDouble.c,210 :: 		
0x00BF	0x0DF2      	RLF        R2, 1
;__Lib_MathDouble.c,211 :: 		
0x00C0	0x0BF3      	DECFSZ     R3, 1
;__Lib_MathDouble.c,212 :: 		
0x00C1	0x28BB      	GOTO       NORM3232A
;__Lib_MathDouble.c,213 :: 		
0x00C2	0x28C7      	GOTO       JPNSETFUN32
;__Lib_MathDouble.c,214 :: 		
JPNRES032:
;__Lib_MathDouble.c,215 :: 		
0x00C3	0x3001      	MOVLW      1
;__Lib_MathDouble.c,216 :: 		
0x00C4	0x00FC      	MOVWF      R12
;__Lib_MathDouble.c,218 :: 		
0x00C5	0x206D      	CALL       _RES032
;__Lib_MathDouble.c,220 :: 		
0x00C6	0x28CE      	GOTO       NORM32EEE
;__Lib_MathDouble.c,221 :: 		
JPNSETFUN32:
;__Lib_MathDouble.c,222 :: 		
0x00C7	0x3002      	MOVLW      2
;__Lib_MathDouble.c,223 :: 		
0x00C8	0x00FC      	MOVWF      R12
;__Lib_MathDouble.c,225 :: 		
0x00C9	0x2074      	CALL       _SETFUN32
;__Lib_MathDouble.c,227 :: 		
0x00CA	0x28CE      	GOTO       NORM32EEE
;__Lib_MathDouble.c,228 :: 		
JMPNFIXSIGN32:
;__Lib_MathDouble.c,229 :: 		
0x00CB	0x3004      	MOVLW      4
;__Lib_MathDouble.c,230 :: 		
0x00CC	0x00FC      	MOVWF      R12
;__Lib_MathDouble.c,232 :: 		
0x00CD	0x2080      	CALL       _FIXSIGN32
;__Lib_MathDouble.c,234 :: 		
NORM32EEE:
;__Lib_MathDouble.c,236 :: 		
L_end_NRM3232:
0x00CE	0x0008      	RETURN
; end of _NRM3232
_____DoICP:
;__Lib_System.c,6 :: 		
;__Lib_System.c,9 :: 		
0x00CF	0x1283      	BCF        STATUS, 5
0x00D0	0x1303      	BCF        STATUS, 6
0x00D1	0x0830      	MOVF       ___DoICPAddr+1, 0
0x00D2	0x008A      	MOVWF      PCLATH
;__Lib_System.c,10 :: 		
0x00D3	0x082F      	MOVF       ___DoICPAddr, 0
0x00D4	0x0082      	MOVWF      PCL
;__Lib_System.c,12 :: 		
L_end_____DoICP:
0x00D5	0x0008      	RETURN
; end of _____DoICP
_double2word:
;__Lib_MathDouble.c,1529 :: 		
;__Lib_MathDouble.c,1536 :: 		
0x00D6	0x1283      	BCF        STATUS, 5
;__Lib_MathDouble.c,1537 :: 		
0x00D7	0x1303      	BCF        STATUS, 6
;__Lib_MathDouble.c,1539 :: 		
0x00D8	0x01FB      	CLRF       R11
;__Lib_MathDouble.c,1540 :: 		
0x00D9	0x01FC      	CLRF       R12
;__Lib_MathDouble.c,1541 :: 		
0x00DA	0x01FA      	CLRF       R10
;__Lib_MathDouble.c,1543 :: 		
0x00DB	0x0873      	MOVF       R3, 0
;__Lib_MathDouble.c,1544 :: 		
0x00DC	0x1903      	BTFSC      STATUS, 2
;__Lib_MathDouble.c,1545 :: 		
0x00DD	0x2915      	GOTO       IRES016U
;__Lib_MathDouble.c,1547 :: 		
0x00DE	0x17F2      	BSF        R2, 7
;__Lib_MathDouble.c,1549 :: 		
0x00DF	0x308E      	MOVLW      142
;__Lib_MathDouble.c,1550 :: 		
0x00E0	0x02F3      	SUBWF      R3, 1
;__Lib_MathDouble.c,1551 :: 		
0x00E1	0x1BF3      	BTFSC      R3, 7
;__Lib_MathDouble.c,1552 :: 		
0x00E2	0x28E6      	GOTO       SETEXP16U
;__Lib_MathDouble.c,1553 :: 		
0x00E3	0x1903      	BTFSC      STATUS, 2
;__Lib_MathDouble.c,1554 :: 		
0x00E4	0x28E6      	GOTO       SETEXP16U
;__Lib_MathDouble.c,1555 :: 		
0x00E5	0x2918      	GOTO       SETIOV16U
;__Lib_MathDouble.c,1556 :: 		
SETEXP16U:
;__Lib_MathDouble.c,1557 :: 		
0x00E6	0x09F3      	COMF       R3, 1
;__Lib_MathDouble.c,1558 :: 		
0x00E7	0x0AF3      	INCF       R3, 1
;__Lib_MathDouble.c,1560 :: 		
0x00E8	0x3008      	MOVLW      8
;__Lib_MathDouble.c,1561 :: 		
0x00E9	0x0273      	SUBWF      R3, 0
;__Lib_MathDouble.c,1562 :: 		
0x00EA	0x1C03      	BTFSS      STATUS, 0
;__Lib_MathDouble.c,1563 :: 		
0x00EB	0x28FB      	GOTO       TSHIFT3216U
;__Lib_MathDouble.c,1564 :: 		
0x00EC	0x00F3      	MOVWF      R3
;__Lib_MathDouble.c,1565 :: 		
0x00ED	0x0DF1      	RLF        R1, 1
;__Lib_MathDouble.c,1566 :: 		
0x00EE	0x0872      	MOVF       R2, 0
;__Lib_MathDouble.c,1567 :: 		
0x00EF	0x00F1      	MOVWF      R1
;__Lib_MathDouble.c,1568 :: 		
0x00F0	0x01F2      	CLRF       R2
;__Lib_MathDouble.c,1570 :: 		
0x00F1	0x3008      	MOVLW      8
;__Lib_MathDouble.c,1571 :: 		
0x00F2	0x0273      	SUBWF      R3, 0
;__Lib_MathDouble.c,1572 :: 		
0x00F3	0x1C03      	BTFSS      STATUS, 0
;__Lib_MathDouble.c,1573 :: 		
0x00F4	0x28FB      	GOTO       TSHIFT3216U
;__Lib_MathDouble.c,1574 :: 		
0x00F5	0x0DF1      	RLF        R1, 1
;__Lib_MathDouble.c,1575 :: 		
0x00F6	0x01F1      	CLRF       R1
;__Lib_MathDouble.c,1577 :: 		
0x00F7	0x0873      	MOVF       R3, 0
;__Lib_MathDouble.c,1578 :: 		
0x00F8	0x1D03      	BTFSS      STATUS, 2
;__Lib_MathDouble.c,1579 :: 		
0x00F9	0x1003      	BCF        STATUS, 0
;__Lib_MathDouble.c,1580 :: 		
0x00FA	0x2903      	GOTO       SHIFT3216UOK
;__Lib_MathDouble.c,1581 :: 		
TSHIFT3216U:
;__Lib_MathDouble.c,1582 :: 		
0x00FB	0x0873      	MOVF       R3, 0
;__Lib_MathDouble.c,1583 :: 		
0x00FC	0x1903      	BTFSC      STATUS, 2
;__Lib_MathDouble.c,1584 :: 		
0x00FD	0x2903      	GOTO       SHIFT3216UOK
;__Lib_MathDouble.c,1585 :: 		
SHIFT3216U:
;__Lib_MathDouble.c,1586 :: 		
0x00FE	0x1003      	BCF        STATUS, 0
;__Lib_MathDouble.c,1587 :: 		
0x00FF	0x0CF2      	RRF        R2, 1
;__Lib_MathDouble.c,1588 :: 		
0x0100	0x0CF1      	RRF        R1, 1
;__Lib_MathDouble.c,1589 :: 		
0x0101	0x0BF3      	DECFSZ     R3, 1
;__Lib_MathDouble.c,1590 :: 		
0x0102	0x28FE      	GOTO       SHIFT3216U
;__Lib_MathDouble.c,1591 :: 		
SHIFT3216UOK:
;__Lib_MathDouble.c,1592 :: 		
0x0103	0x1B7B      	BTFSC      R11, 6
;__Lib_MathDouble.c,1593 :: 		
0x0104	0x1C71      	BTFSS      R1, 0
;__Lib_MathDouble.c,1594 :: 		
0x0105	0x290D      	GOTO       INT3216UOK
;__Lib_MathDouble.c,1595 :: 		
0x0106	0x1C03      	BTFSS      STATUS, 0
;__Lib_MathDouble.c,1596 :: 		
0x0107	0x290D      	GOTO       INT3216UOK
;__Lib_MathDouble.c,1597 :: 		
0x0108	0x0AF1      	INCF       R1, 1
;__Lib_MathDouble.c,1598 :: 		
0x0109	0x1903      	BTFSC      STATUS, 2
;__Lib_MathDouble.c,1599 :: 		
0x010A	0x0AF2      	INCF       R2, 1
;__Lib_MathDouble.c,1600 :: 		
0x010B	0x1BF2      	BTFSC      R2, 7
;__Lib_MathDouble.c,1601 :: 		
0x010C	0x2924      	GOTO       JPKSETIOV3224
;__Lib_MathDouble.c,1602 :: 		
INT3216UOK:
;__Lib_MathDouble.c,1603 :: 		
0x010D	0x1FFA      	BTFSS      R10, 7
;__Lib_MathDouble.c,1604 :: 		
0x010E	0x2927      	GOTO       INT3216UEOK
;__Lib_MathDouble.c,1606 :: 		
0x010F	0x09F2      	COMF       R2, 1
;__Lib_MathDouble.c,1607 :: 		
0x0110	0x09F1      	COMF       R1, 1
;__Lib_MathDouble.c,1608 :: 		
0x0111	0x0AF1      	INCF       R1, 1
;__Lib_MathDouble.c,1609 :: 		
0x0112	0x1903      	BTFSC      STATUS, 2
;__Lib_MathDouble.c,1610 :: 		
0x0113	0x0AF2      	INCF       R2, 1
;__Lib_MathDouble.c,1611 :: 		
0x0114	0x2927      	GOTO       INT3216UEOK
;__Lib_MathDouble.c,1613 :: 		
IRES016U:
;__Lib_MathDouble.c,1614 :: 		
0x0115	0x01F2      	CLRF       R2
;__Lib_MathDouble.c,1615 :: 		
0x0116	0x01F1      	CLRF       R1
;__Lib_MathDouble.c,1616 :: 		
0x0117	0x2927      	GOTO       INT3216UEOK
;__Lib_MathDouble.c,1617 :: 		
SETIOV16U:
;__Lib_MathDouble.c,1618 :: 		
0x0118	0x147B      	BSF        R11, 0
;__Lib_MathDouble.c,1619 :: 		
0x0119	0x1FFB      	BTFSS      R11, 7
;__Lib_MathDouble.c,1620 :: 		
0x011A	0x292A      	GOTO       INT3216UEER
;__Lib_MathDouble.c,1622 :: 		
0x011B	0x01F2      	CLRF       R2
;__Lib_MathDouble.c,1623 :: 		
0x011C	0x1FFA      	BTFSS      R10, 7
;__Lib_MathDouble.c,1624 :: 		
0x011D	0x292A      	GOTO       INT3216UEER
;__Lib_MathDouble.c,1625 :: 		
0x011E	0x30FF      	MOVLW      255
;__Lib_MathDouble.c,1626 :: 		
0x011F	0x00F2      	MOVWF      R2
;__Lib_MathDouble.c,1627 :: 		
0x0120	0x00F1      	MOVWF      R1
;__Lib_MathDouble.c,1628 :: 		
0x0121	0x0DFA      	RLF        R10, 1
;__Lib_MathDouble.c,1629 :: 		
0x0122	0x0CF2      	RRF        R2, 1
;__Lib_MathDouble.c,1630 :: 		
0x0123	0x292A      	GOTO       INT3216UEER
;__Lib_MathDouble.c,1632 :: 		
JPKSETIOV3224:
;__Lib_MathDouble.c,1633 :: 		
0x0124	0x3001      	MOVLW      1
;__Lib_MathDouble.c,1634 :: 		
0x0125	0x00FC      	MOVWF      R12
;__Lib_MathDouble.c,1635 :: 		
0x0126	0x292C      	GOTO       INT3216UEEE
;__Lib_MathDouble.c,1636 :: 		
INT3216UEOK:
;__Lib_MathDouble.c,1637 :: 		
0x0127	0x3000      	MOVLW      0
;__Lib_MathDouble.c,1638 :: 		
0x0128	0x00FC      	MOVWF      R12
;__Lib_MathDouble.c,1639 :: 		
0x0129	0x292C      	GOTO       INT3216UEEE
;__Lib_MathDouble.c,1640 :: 		
INT3216UEER:
;__Lib_MathDouble.c,1641 :: 		
0x012A	0x30FF      	MOVLW      255
;__Lib_MathDouble.c,1642 :: 		
0x012B	0x00FC      	MOVWF      R12
;__Lib_MathDouble.c,1643 :: 		
INT3216UEEE:
;__Lib_MathDouble.c,1646 :: 		
0x012C	0x08FC      	MOVF       R12, 1
;__Lib_MathDouble.c,1648 :: 		
0x012D	0x1903      	BTFSC      STATUS, 2
;__Lib_MathDouble.c,1649 :: 		
0x012E	0x2930      	GOTO       L_Double2Word_0
;__Lib_MathDouble.c,1651 :: 		
0x012F	0x2093      	CALL       _SETIOV3224
;__Lib_MathDouble.c,1653 :: 		
L_Double2Word_0:
;__Lib_MathDouble.c,1654 :: 		
0x0130	0x0871      	MOVF       R1, 0
;__Lib_MathDouble.c,1655 :: 		
0x0131	0x00F0      	MOVWF      R0
;__Lib_MathDouble.c,1656 :: 		
0x0132	0x0872      	MOVF       R2, 0
;__Lib_MathDouble.c,1657 :: 		
0x0133	0x00F1      	MOVWF      R1
;__Lib_MathDouble.c,1660 :: 		
L_end_double2word:
0x0134	0x0008      	RETURN
; end of _double2word
_Mul_32x32_FP:
;__Lib_MathDouble.c,610 :: 		
;__Lib_MathDouble.c,622 :: 		
;__Lib_MathDouble.c,624 :: 		
0x0135	0x1283      	BCF        STATUS, 5
;__Lib_MathDouble.c,625 :: 		
0x0136	0x1303      	BCF        STATUS, 6
;__Lib_MathDouble.c,627 :: 		
0x0137	0x01FB      	CLRF       R11
;__Lib_MathDouble.c,628 :: 		
0x0138	0x0873      	MOVF       R3, 0
;__Lib_MathDouble.c,629 :: 		
0x0139	0x1D03      	BTFSS      STATUS, 2
;__Lib_MathDouble.c,630 :: 		
0x013A	0x0877      	MOVF       R7, 0
;__Lib_MathDouble.c,631 :: 		
0x013B	0x1903      	BTFSC      STATUS, 2
;__Lib_MathDouble.c,632 :: 		
0x013C	0x298C      	GOTO       JPMRES032
;__Lib_MathDouble.c,634 :: 		
0x013D	0x0872      	MOVF       R2, 0
;__Lib_MathDouble.c,635 :: 		
0x013E	0x0676      	XORWF      R6, 0
;__Lib_MathDouble.c,636 :: 		
0x013F	0x00FA      	MOVWF      R10
;__Lib_MathDouble.c,637 :: 		
0x0140	0x0877      	MOVF       R7, 0
;__Lib_MathDouble.c,638 :: 		
0x0141	0x07F3      	ADDWF      R3, 1
;__Lib_MathDouble.c,639 :: 		
0x0142	0x307E      	MOVLW      126
;__Lib_MathDouble.c,640 :: 		
0x0143	0x1C03      	BTFSS      STATUS, 0
;__Lib_MathDouble.c,641 :: 		
0x0144	0x2949      	GOTO       MTUN32
;__Lib_MathDouble.c,642 :: 		
0x0145	0x02F3      	SUBWF      R3, 1
;__Lib_MathDouble.c,643 :: 		
0x0146	0x1803      	BTFSC      STATUS, 0
;__Lib_MathDouble.c,644 :: 		
0x0147	0x298F      	GOTO       JPMSETFOV32
;__Lib_MathDouble.c,645 :: 		
0x0148	0x294C      	GOTO       MOK32
;__Lib_MathDouble.c,646 :: 		
MTUN32:
;__Lib_MathDouble.c,647 :: 		
0x0149	0x02F3      	SUBWF      R3, 1
;__Lib_MathDouble.c,648 :: 		
0x014A	0x1C03      	BTFSS      STATUS, 0
;__Lib_MathDouble.c,649 :: 		
0x014B	0x2992      	GOTO       JPMSETFUN32
;__Lib_MathDouble.c,650 :: 		
MOK32:
;__Lib_MathDouble.c,651 :: 		
0x014C	0x0872      	MOVF       R2, 0
;__Lib_MathDouble.c,652 :: 		
0x014D	0x00F8      	MOVWF      R8
;__Lib_MathDouble.c,653 :: 		
0x014E	0x0871      	MOVF       R1, 0
;__Lib_MathDouble.c,654 :: 		
0x014F	0x00FC      	MOVWF      R12
;__Lib_MathDouble.c,655 :: 		
0x0150	0x0870      	MOVF       R0, 0
;__Lib_MathDouble.c,656 :: 		
0x0151	0x00FD      	MOVWF      R13
;__Lib_MathDouble.c,657 :: 		
0x0152	0x17F8      	BSF        R8, 7
;__Lib_MathDouble.c,658 :: 		
0x0153	0x17F6      	BSF        R6, 7
;__Lib_MathDouble.c,659 :: 		
0x0154	0x1003      	BCF        STATUS, 0
;__Lib_MathDouble.c,660 :: 		
0x0155	0x01F2      	CLRF       R2
;__Lib_MathDouble.c,661 :: 		
0x0156	0x01F1      	CLRF       R1
;__Lib_MathDouble.c,662 :: 		
0x0157	0x01F0      	CLRF       R0
;__Lib_MathDouble.c,663 :: 		
0x0158	0x3018      	MOVLW      24
;__Lib_MathDouble.c,664 :: 		
0x0159	0x00A0      	MOVWF      __math_tempbD
;__Lib_MathDouble.c,665 :: 		
MLOOP32:
;__Lib_MathDouble.c,666 :: 		
0x015A	0x1C7D      	BTFSS      R13, 0
;__Lib_MathDouble.c,667 :: 		
0x015B	0x2966      	GOTO       MNOADD32
;__Lib_MathDouble.c,669 :: 		
0x015C	0x0874      	MOVF       R4, 0
;__Lib_MathDouble.c,670 :: 		
0x015D	0x07F0      	ADDWF      R0, 1
;__Lib_MathDouble.c,671 :: 		
0x015E	0x0875      	MOVF       R5, 0
;__Lib_MathDouble.c,672 :: 		
0x015F	0x1803      	BTFSC      STATUS, 0
;__Lib_MathDouble.c,673 :: 		
0x0160	0x0F75      	INCFSZ     R5, 0
;__Lib_MathDouble.c,674 :: 		
0x0161	0x07F1      	ADDWF      R1, 1
;__Lib_MathDouble.c,675 :: 		
0x0162	0x0876      	MOVF       R6, 0
;__Lib_MathDouble.c,676 :: 		
0x0163	0x1803      	BTFSC      STATUS, 0
;__Lib_MathDouble.c,677 :: 		
0x0164	0x0F76      	INCFSZ     R6, 0
;__Lib_MathDouble.c,678 :: 		
0x0165	0x07F2      	ADDWF      R2, 1
;__Lib_MathDouble.c,679 :: 		
MNOADD32:
;__Lib_MathDouble.c,680 :: 		
0x0166	0x0CF2      	RRF        R2, 1
;__Lib_MathDouble.c,681 :: 		
0x0167	0x0CF1      	RRF        R1, 1
;__Lib_MathDouble.c,682 :: 		
0x0168	0x0CF0      	RRF        R0, 1
;__Lib_MathDouble.c,683 :: 		
0x0169	0x0CF8      	RRF        R8, 1
;__Lib_MathDouble.c,684 :: 		
0x016A	0x0CFC      	RRF        R12, 1
;__Lib_MathDouble.c,685 :: 		
0x016B	0x0CFD      	RRF        R13, 1
;__Lib_MathDouble.c,686 :: 		
0x016C	0x1003      	BCF        STATUS, 0
;__Lib_MathDouble.c,687 :: 		
0x016D	0x0BA0      	DECFSZ     __math_tempbD, 1
;__Lib_MathDouble.c,688 :: 		
0x016E	0x295A      	GOTO       MLOOP32
;__Lib_MathDouble.c,689 :: 		
0x016F	0x1BF2      	BTFSC      R2, 7
;__Lib_MathDouble.c,690 :: 		
0x0170	0x2976      	GOTO       MROUND32
;__Lib_MathDouble.c,691 :: 		
0x0171	0x0DF8      	RLF        R8, 1
;__Lib_MathDouble.c,692 :: 		
0x0172	0x0DF0      	RLF        R0, 1
;__Lib_MathDouble.c,693 :: 		
0x0173	0x0DF1      	RLF        R1, 1
;__Lib_MathDouble.c,694 :: 		
0x0174	0x0DF2      	RLF        R2, 1
;__Lib_MathDouble.c,695 :: 		
0x0175	0x03F3      	DECF       R3, 1
;__Lib_MathDouble.c,696 :: 		
MROUND32:
;__Lib_MathDouble.c,697 :: 		
0x0176	0x1B7B      	BTFSC      R11, 6
;__Lib_MathDouble.c,698 :: 		
0x0177	0x1C70      	BTFSS      R0, 0
;__Lib_MathDouble.c,699 :: 		
0x0178	0x2988      	GOTO       MUL32OK
;__Lib_MathDouble.c,700 :: 		
0x0179	0x1FF8      	BTFSS      R8, 7
;__Lib_MathDouble.c,701 :: 		
0x017A	0x2988      	GOTO       MUL32OK
;__Lib_MathDouble.c,702 :: 		
0x017B	0x0AF0      	INCF       R0, 1
;__Lib_MathDouble.c,703 :: 		
0x017C	0x1903      	BTFSC      STATUS, 2
;__Lib_MathDouble.c,704 :: 		
0x017D	0x0AF1      	INCF       R1, 1
;__Lib_MathDouble.c,705 :: 		
0x017E	0x1903      	BTFSC      STATUS, 2
;__Lib_MathDouble.c,706 :: 		
0x017F	0x0AF2      	INCF       R2, 1
;__Lib_MathDouble.c,707 :: 		
0x0180	0x1D03      	BTFSS      STATUS, 2
;__Lib_MathDouble.c,708 :: 		
0x0181	0x2988      	GOTO       MUL32OK
;__Lib_MathDouble.c,709 :: 		
0x0182	0x0CF2      	RRF        R2, 1
;__Lib_MathDouble.c,710 :: 		
0x0183	0x0CF1      	RRF        R1, 1
;__Lib_MathDouble.c,711 :: 		
0x0184	0x0CF0      	RRF        R0, 1
;__Lib_MathDouble.c,712 :: 		
0x0185	0x0AF3      	INCF       R3, 1
;__Lib_MathDouble.c,713 :: 		
0x0186	0x1903      	BTFSC      STATUS, 2
;__Lib_MathDouble.c,714 :: 		
0x0187	0x298F      	GOTO       JPMSETFOV32
;__Lib_MathDouble.c,715 :: 		
MUL32OK:
;__Lib_MathDouble.c,716 :: 		
0x0188	0x1FFA      	BTFSS      R10, 7
;__Lib_MathDouble.c,717 :: 		
0x0189	0x13F2      	BCF        R2, 7
;__Lib_MathDouble.c,718 :: 		
0x018A	0x3000      	MOVLW      0
;__Lib_MathDouble.c,720 :: 		
0x018B	0x2994      	GOTO       MUL32EEE
;__Lib_MathDouble.c,721 :: 		
JPMRES032:
;__Lib_MathDouble.c,722 :: 		
0x018C	0x3001      	MOVLW      1
;__Lib_MathDouble.c,725 :: 		
0x018D	0x206D      	CALL       _RES032
;__Lib_MathDouble.c,727 :: 		
0x018E	0x2994      	GOTO       MUL32EEE
;__Lib_MathDouble.c,728 :: 		
JPMSETFOV32:
;__Lib_MathDouble.c,729 :: 		
0x018F	0x3002      	MOVLW      2
;__Lib_MathDouble.c,732 :: 		
0x0190	0x2084      	CALL       _SETFOV32
;__Lib_MathDouble.c,734 :: 		
0x0191	0x2994      	GOTO       MUL32EEE
;__Lib_MathDouble.c,735 :: 		
JPMSETFUN32:
;__Lib_MathDouble.c,736 :: 		
0x0192	0x3004      	MOVLW      4
;__Lib_MathDouble.c,739 :: 		
0x0193	0x2074      	CALL       _SETFUN32
;__Lib_MathDouble.c,741 :: 		
MUL32EEE:
;__Lib_MathDouble.c,742 :: 		
0x0194	0x0000      	NOP
;__Lib_MathDouble.c,749 :: 		
L_end_Mul_32x32_FP:
0x0195	0x0008      	RETURN
; end of _Mul_32x32_FP
_word2double:
;__Lib_MathDouble.c,1862 :: 		
;__Lib_MathDouble.c,1868 :: 		
0x0196	0x1283      	BCF        STATUS, 5
;__Lib_MathDouble.c,1869 :: 		
0x0197	0x1303      	BCF        STATUS, 6
;__Lib_MathDouble.c,1870 :: 		
0x0198	0x0870      	MOVF       R0, 0
;__Lib_MathDouble.c,1871 :: 		
0x0199	0x00F8      	MOVWF      R8
;__Lib_MathDouble.c,1872 :: 		
0x019A	0x0871      	MOVF       R1, 0
;__Lib_MathDouble.c,1873 :: 		
0x019B	0x00F0      	MOVWF      R0
;__Lib_MathDouble.c,1874 :: 		
0x019C	0x01F1      	CLRF       R1
;__Lib_MathDouble.c,1875 :: 		
0x019D	0x01F2      	CLRF       R2
;__Lib_MathDouble.c,1876 :: 		
0x019E	0x01F3      	CLRF       R3
;__Lib_MathDouble.c,1879 :: 		
0x019F	0x01FB      	CLRF       R11
;__Lib_MathDouble.c,1880 :: 		
0x01A0	0x01FC      	CLRF       R12
;__Lib_MathDouble.c,1882 :: 		
0x01A1	0x3096      	MOVLW      150
;__Lib_MathDouble.c,1883 :: 		
0x01A2	0x00F3      	MOVWF      R3
;__Lib_MathDouble.c,1884 :: 		
0x01A3	0x01FA      	CLRF       R10
;__Lib_MathDouble.c,1886 :: 		
0x01A4	0x0870      	MOVF       R0, 0
;__Lib_MathDouble.c,1887 :: 		
0x01A5	0x00F1      	MOVWF      R1
;__Lib_MathDouble.c,1888 :: 		
0x01A6	0x0878      	MOVF       R8, 0
;__Lib_MathDouble.c,1889 :: 		
0x01A7	0x00F0      	MOVWF      R0
;__Lib_MathDouble.c,1890 :: 		
0x01A8	0x01F8      	CLRF       R8
;__Lib_MathDouble.c,1891 :: 		
0x01A9	0x01F2      	CLRF       R2
;__Lib_MathDouble.c,1893 :: 		
0x01AA	0x20A0      	CALL       _NRM3232
;__Lib_MathDouble.c,1894 :: 		
L_end_word2double:
0x01AB	0x0008      	RETURN
; end of _word2double
_Div_32x32_FP:
;__Lib_MathDouble.c,761 :: 		
;__Lib_MathDouble.c,773 :: 		
;__Lib_MathDouble.c,776 :: 		
0x01AC	0x1283      	BCF        STATUS, 5
0x01AD	0x1303      	BCF        STATUS, 6
0x01AE	0x0874      	MOVF       R4, 0
0x01AF	0x3A00      	XORLW      0
0x01B0	0x1D03      	BTFSS      STATUS, 2
0x01B1	0x29C7      	GOTO       L_Div_32x32_FP7
;__Lib_MathDouble.c,777 :: 		
0x01B2	0x0875      	MOVF       R5, 0
0x01B3	0x3A00      	XORLW      0
0x01B4	0x1D03      	BTFSS      STATUS, 2
0x01B5	0x29C7      	GOTO       L_Div_32x32_FP8
;__Lib_MathDouble.c,778 :: 		
0x01B6	0x0876      	MOVF       R6, 0
0x01B7	0x3A00      	XORLW      0
0x01B8	0x1D03      	BTFSS      STATUS, 2
0x01B9	0x29C7      	GOTO       L_Div_32x32_FP9
;__Lib_MathDouble.c,779 :: 		
0x01BA	0x0877      	MOVF       R7, 0
0x01BB	0x3A00      	XORLW      0
0x01BC	0x1D03      	BTFSS      STATUS, 2
0x01BD	0x29C7      	GOTO       L_Div_32x32_FP10
;__Lib_MathDouble.c,780 :: 		
0x01BE	0x30FF      	MOVLW      255
0x01BF	0x00F0      	MOVWF      R0
;__Lib_MathDouble.c,781 :: 		
0x01C0	0x30FF      	MOVLW      255
0x01C1	0x00F1      	MOVWF      R1
;__Lib_MathDouble.c,782 :: 		
0x01C2	0x307F      	MOVLW      127
0x01C3	0x00F2      	MOVWF      R2
;__Lib_MathDouble.c,783 :: 		
0x01C4	0x30FF      	MOVLW      255
0x01C5	0x00F3      	MOVWF      R3
;__Lib_MathDouble.c,784 :: 		
0x01C6	0x2A62      	GOTO       L_end_Div_32x32_FP
;__Lib_MathDouble.c,785 :: 		
L_Div_32x32_FP10:
L_Div_32x32_FP9:
L_Div_32x32_FP8:
L_Div_32x32_FP7:
;__Lib_MathDouble.c,788 :: 		
0x01C7	0x1283      	BCF        STATUS, 5
;__Lib_MathDouble.c,789 :: 		
0x01C8	0x1303      	BCF        STATUS, 6
;__Lib_MathDouble.c,791 :: 		
0x01C9	0x0877      	MOVF       R7, 0
;__Lib_MathDouble.c,792 :: 		
0x01CA	0x1903      	BTFSC      STATUS, 2
;__Lib_MathDouble.c,793 :: 		
0x01CB	0x2A56      	GOTO       JPDSETFDZ32
;__Lib_MathDouble.c,795 :: 		
0x01CC	0x0873      	MOVF       R3, 0
;__Lib_MathDouble.c,796 :: 		
0x01CD	0x1903      	BTFSC      STATUS, 2
;__Lib_MathDouble.c,797 :: 		
0x01CE	0x2A59      	GOTO       JPDRES032
;__Lib_MathDouble.c,799 :: 		
0x01CF	0x0872      	MOVF       R2, 0
;__Lib_MathDouble.c,800 :: 		
0x01D0	0x0676      	XORWF      R6, 0
;__Lib_MathDouble.c,801 :: 		
0x01D1	0x3980      	ANDLW      128
;__Lib_MathDouble.c,802 :: 		
0x01D2	0x00FA      	MOVWF      R10
;__Lib_MathDouble.c,803 :: 		
0x01D3	0x17F2      	BSF        R2, 7
;__Lib_MathDouble.c,804 :: 		
0x01D4	0x17F6      	BSF        R6, 7
;__Lib_MathDouble.c,806 :: 		
0x01D5	0x01A0      	CLRF       __math_tempbD
;__Lib_MathDouble.c,807 :: 		
0x01D6	0x0872      	MOVF       R2, 0
;__Lib_MathDouble.c,808 :: 		
0x01D7	0x00F8      	MOVWF      R8
;__Lib_MathDouble.c,809 :: 		
0x01D8	0x0871      	MOVF       R1, 0
;__Lib_MathDouble.c,810 :: 		
0x01D9	0x00FC      	MOVWF      R12
;__Lib_MathDouble.c,811 :: 		
0x01DA	0x0870      	MOVF       R0, 0
;__Lib_MathDouble.c,812 :: 		
0x01DB	0x00FD      	MOVWF      R13
;__Lib_MathDouble.c,814 :: 		
0x01DC	0x0874      	MOVF       R4, 0
;__Lib_MathDouble.c,815 :: 		
0x01DD	0x02FD      	SUBWF      R13, 1
;__Lib_MathDouble.c,816 :: 		
0x01DE	0x0875      	MOVF       R5, 0
;__Lib_MathDouble.c,817 :: 		
0x01DF	0x1C03      	BTFSS      STATUS, 0
;__Lib_MathDouble.c,818 :: 		
0x01E0	0x0F75      	INCFSZ     R5, 0
;__Lib_MathDouble.c,820 :: 		
0x01E1	0x02FC      	SUBWF      R12, 1
;__Lib_MathDouble.c,821 :: 		
0x01E2	0x0876      	MOVF       R6, 0
;__Lib_MathDouble.c,822 :: 		
0x01E3	0x1C03      	BTFSS      STATUS, 0
;__Lib_MathDouble.c,823 :: 		
0x01E4	0x0F76      	INCFSZ     R6, 0
;__Lib_MathDouble.c,825 :: 		
0x01E5	0x02F8      	SUBWF      R8, 1
;__Lib_MathDouble.c,826 :: 		
0x01E6	0x01F8      	CLRF       R8
;__Lib_MathDouble.c,827 :: 		
0x01E7	0x01FC      	CLRF       R12
;__Lib_MathDouble.c,828 :: 		
0x01E8	0x01FD      	CLRF       R13
;__Lib_MathDouble.c,829 :: 		
0x01E9	0x1C03      	BTFSS      STATUS, 0
;__Lib_MathDouble.c,830 :: 		
0x01EA	0x29F2      	GOTO       DALIGN32OK
;__Lib_MathDouble.c,832 :: 		
0x01EB	0x1003      	BCF        STATUS, 0
;__Lib_MathDouble.c,833 :: 		
0x01EC	0x0CF2      	RRF        R2, 1
;__Lib_MathDouble.c,834 :: 		
0x01ED	0x0CF1      	RRF        R1, 1
;__Lib_MathDouble.c,835 :: 		
0x01EE	0x0CF0      	RRF        R0, 1
;__Lib_MathDouble.c,836 :: 		
0x01EF	0x0CF8      	RRF        R8, 1
;__Lib_MathDouble.c,837 :: 		
0x01F0	0x3001      	MOVLW      1
;__Lib_MathDouble.c,838 :: 		
0x01F1	0x00A0      	MOVWF      __math_tempbD
;__Lib_MathDouble.c,839 :: 		
DALIGN32OK:
;__Lib_MathDouble.c,840 :: 		
0x01F2	0x0877      	MOVF       R7, 0
;__Lib_MathDouble.c,841 :: 		
0x01F3	0x02F3      	SUBWF      R3, 1
;__Lib_MathDouble.c,842 :: 		
0x01F4	0x1C03      	BTFSS      STATUS, 0
;__Lib_MathDouble.c,843 :: 		
0x01F5	0x29FC      	GOTO       ALTB32
;__Lib_MathDouble.c,845 :: 		
0x01F6	0x307E      	MOVLW      126
;__Lib_MathDouble.c,846 :: 		
0x01F7	0x0720      	ADDWF      __math_tempbD, 0
;__Lib_MathDouble.c,847 :: 		
0x01F8	0x07F3      	ADDWF      R3, 1
;__Lib_MathDouble.c,848 :: 		
0x01F9	0x1803      	BTFSC      STATUS, 0
;__Lib_MathDouble.c,849 :: 		
0x01FA	0x2A5C      	GOTO       JPDSETFOV32
;__Lib_MathDouble.c,850 :: 		
0x01FB	0x2A01      	GOTO       DARGOK32
;__Lib_MathDouble.c,851 :: 		
ALTB32:
;__Lib_MathDouble.c,852 :: 		
0x01FC	0x307E      	MOVLW      126
;__Lib_MathDouble.c,853 :: 		
0x01FD	0x0720      	ADDWF      __math_tempbD, 0
;__Lib_MathDouble.c,854 :: 		
0x01FE	0x07F3      	ADDWF      R3, 1
;__Lib_MathDouble.c,855 :: 		
0x01FF	0x1C03      	BTFSS      STATUS, 0
;__Lib_MathDouble.c,856 :: 		
0x0200	0x2A5F      	GOTO       JPDSETFUN32
;__Lib_MathDouble.c,857 :: 		
DARGOK32:
;__Lib_MathDouble.c,858 :: 		
0x0201	0x3018      	MOVLW      24
;__Lib_MathDouble.c,860 :: 		
0x0202	0x07FA      	ADDWF      R10, 1
;__Lib_MathDouble.c,861 :: 		
DLOOP32:
;__Lib_MathDouble.c,862 :: 		
0x0203	0x0DFD      	RLF        R13, 1
;__Lib_MathDouble.c,863 :: 		
0x0204	0x0DFC      	RLF        R12, 1
;__Lib_MathDouble.c,864 :: 		
0x0205	0x0DF8      	RLF        R8, 1
;__Lib_MathDouble.c,865 :: 		
0x0206	0x0DF0      	RLF        R0, 1
;__Lib_MathDouble.c,866 :: 		
0x0207	0x0DF1      	RLF        R1, 1
;__Lib_MathDouble.c,867 :: 		
0x0208	0x0DF2      	RLF        R2, 1
;__Lib_MathDouble.c,868 :: 		
0x0209	0x0DA0      	RLF        __math_tempbD, 1
;__Lib_MathDouble.c,870 :: 		
0x020A	0x0874      	MOVF       R4, 0
;__Lib_MathDouble.c,871 :: 		
0x020B	0x02F0      	SUBWF      R0, 1
;__Lib_MathDouble.c,872 :: 		
0x020C	0x0875      	MOVF       R5, 0
;__Lib_MathDouble.c,873 :: 		
0x020D	0x1C03      	BTFSS      STATUS, 0
;__Lib_MathDouble.c,874 :: 		
0x020E	0x0F75      	INCFSZ     R5, 0
;__Lib_MathDouble.c,876 :: 		
0x020F	0x02F1      	SUBWF      R1, 1
;__Lib_MathDouble.c,877 :: 		
0x0210	0x0876      	MOVF       R6, 0
;__Lib_MathDouble.c,878 :: 		
0x0211	0x1C03      	BTFSS      STATUS, 0
;__Lib_MathDouble.c,879 :: 		
0x0212	0x0F76      	INCFSZ     R6, 0
;__Lib_MathDouble.c,881 :: 		
0x0213	0x02F2      	SUBWF      R2, 1
;__Lib_MathDouble.c,882 :: 		
0x0214	0x0D76      	RLF        R6, 0
;__Lib_MathDouble.c,883 :: 		
0x0215	0x04A0      	IORWF      __math_tempbD, 1
;__Lib_MathDouble.c,884 :: 		
0x0216	0x1C20      	BTFSS      __math_tempbD, 0
;__Lib_MathDouble.c,885 :: 		
0x0217	0x2A1A      	GOTO       DREST32
;__Lib_MathDouble.c,886 :: 		
0x0218	0x147D      	BSF        R13, 0
;__Lib_MathDouble.c,887 :: 		
0x0219	0x2A25      	GOTO       DOK32
;__Lib_MathDouble.c,888 :: 		
DREST32:
;__Lib_MathDouble.c,889 :: 		
0x021A	0x0874      	MOVF       R4, 0
;__Lib_MathDouble.c,890 :: 		
0x021B	0x07F0      	ADDWF      R0, 1
;__Lib_MathDouble.c,891 :: 		
0x021C	0x0875      	MOVF       R5, 0
;__Lib_MathDouble.c,892 :: 		
0x021D	0x1803      	BTFSC      STATUS, 0
;__Lib_MathDouble.c,893 :: 		
0x021E	0x0F75      	INCFSZ     R5, 0
;__Lib_MathDouble.c,895 :: 		
0x021F	0x07F1      	ADDWF      R1, 1
;__Lib_MathDouble.c,896 :: 		
0x0220	0x0876      	MOVF       R6, 0
;__Lib_MathDouble.c,897 :: 		
0x0221	0x1803      	BTFSC      STATUS, 0
;__Lib_MathDouble.c,898 :: 		
0x0222	0x0A76      	INCF       R6, 0
;__Lib_MathDouble.c,899 :: 		
0x0223	0x07F2      	ADDWF      R2, 1
;__Lib_MathDouble.c,900 :: 		
0x0224	0x107D      	BCF        R13, 0
;__Lib_MathDouble.c,901 :: 		
DOK32:
;__Lib_MathDouble.c,903 :: 		
0x0225	0x03FA      	DECF       R10, 1
;__Lib_MathDouble.c,904 :: 		
0x0226	0x301F      	MOVLW      31
;__Lib_MathDouble.c,905 :: 		
0x0227	0x057A      	ANDWF      R10, 0
;__Lib_MathDouble.c,906 :: 		
0x0228	0x1D03      	BTFSS      STATUS, 2
;__Lib_MathDouble.c,907 :: 		
0x0229	0x2A03      	GOTO       DLOOP32
;__Lib_MathDouble.c,909 :: 		
0x022A	0x1B7B      	BTFSC      R11, 6
;__Lib_MathDouble.c,910 :: 		
0x022B	0x1C7D      	BTFSS      R13, 0
;__Lib_MathDouble.c,911 :: 		
0x022C	0x2A4C      	GOTO       DIV32OK
;__Lib_MathDouble.c,912 :: 		
0x022D	0x1003      	BCF        STATUS, 0
;__Lib_MathDouble.c,913 :: 		
0x022E	0x0DF0      	RLF        R0, 1
;__Lib_MathDouble.c,914 :: 		
0x022F	0x0DF1      	RLF        R1, 1
;__Lib_MathDouble.c,915 :: 		
0x0230	0x0DF2      	RLF        R2, 1
;__Lib_MathDouble.c,916 :: 		
0x0231	0x0DA0      	RLF        __math_tempbD, 1
;__Lib_MathDouble.c,918 :: 		
0x0232	0x0874      	MOVF       R4, 0
;__Lib_MathDouble.c,919 :: 		
0x0233	0x02F0      	SUBWF      R0, 1
;__Lib_MathDouble.c,920 :: 		
0x0234	0x0875      	MOVF       R5, 0
;__Lib_MathDouble.c,921 :: 		
0x0235	0x1C03      	BTFSS      STATUS, 0
;__Lib_MathDouble.c,922 :: 		
0x0236	0x0F75      	INCFSZ     R5, 0
;__Lib_MathDouble.c,923 :: 		
0x0237	0x02F1      	SUBWF      R1, 1
;__Lib_MathDouble.c,924 :: 		
0x0238	0x0876      	MOVF       R6, 0
;__Lib_MathDouble.c,925 :: 		
0x0239	0x1C03      	BTFSS      STATUS, 0
;__Lib_MathDouble.c,926 :: 		
0x023A	0x0F76      	INCFSZ     R6, 0
;__Lib_MathDouble.c,927 :: 		
0x023B	0x02F2      	SUBWF      R2, 1
;__Lib_MathDouble.c,928 :: 		
0x023C	0x0D76      	RLF        R6, 0
;__Lib_MathDouble.c,929 :: 		
0x023D	0x0420      	IORWF      __math_tempbD, 0
;__Lib_MathDouble.c,930 :: 		
0x023E	0x3901      	ANDLW      1
;__Lib_MathDouble.c,931 :: 		
0x023F	0x07FD      	ADDWF      R13, 1
;__Lib_MathDouble.c,932 :: 		
0x0240	0x1803      	BTFSC      STATUS, 0
;__Lib_MathDouble.c,933 :: 		
0x0241	0x0AFC      	INCF       R12, 1
;__Lib_MathDouble.c,934 :: 		
0x0242	0x1903      	BTFSC      STATUS, 2
;__Lib_MathDouble.c,935 :: 		
0x0243	0x0AF8      	INCF       R8, 1
;__Lib_MathDouble.c,936 :: 		
0x0244	0x1D03      	BTFSS      STATUS, 2
;__Lib_MathDouble.c,937 :: 		
0x0245	0x2A4C      	GOTO       DIV32OK
;__Lib_MathDouble.c,938 :: 		
0x0246	0x0CF8      	RRF        R8, 1
;__Lib_MathDouble.c,939 :: 		
0x0247	0x0CFC      	RRF        R12, 1
;__Lib_MathDouble.c,940 :: 		
0x0248	0x0CFD      	RRF        R13, 1
;__Lib_MathDouble.c,941 :: 		
0x0249	0x0AF3      	INCF       R3, 1
;__Lib_MathDouble.c,942 :: 		
0x024A	0x1903      	BTFSC      STATUS, 2
;__Lib_MathDouble.c,943 :: 		
0x024B	0x2A5C      	GOTO       JPDSETFOV32
;__Lib_MathDouble.c,944 :: 		
DIV32OK:
;__Lib_MathDouble.c,945 :: 		
0x024C	0x1FFA      	BTFSS      R10, 7
;__Lib_MathDouble.c,946 :: 		
0x024D	0x13F8      	BCF        R8, 7
;__Lib_MathDouble.c,947 :: 		
0x024E	0x0878      	MOVF       R8, 0
;__Lib_MathDouble.c,948 :: 		
0x024F	0x00F2      	MOVWF      R2
;__Lib_MathDouble.c,949 :: 		
0x0250	0x087C      	MOVF       R12, 0
;__Lib_MathDouble.c,950 :: 		
0x0251	0x00F1      	MOVWF      R1
;__Lib_MathDouble.c,951 :: 		
0x0252	0x087D      	MOVF       R13, 0
;__Lib_MathDouble.c,952 :: 		
0x0253	0x00F0      	MOVWF      R0
;__Lib_MathDouble.c,954 :: 		
0x0254	0x3000      	MOVLW      0
;__Lib_MathDouble.c,956 :: 		
0x0255	0x2A61      	GOTO       DIV32EEE
;__Lib_MathDouble.c,957 :: 		
JPDSETFDZ32:
;__Lib_MathDouble.c,958 :: 		
0x0256	0x3001      	MOVLW      1
;__Lib_MathDouble.c,961 :: 		
0x0257	0x2090      	CALL       _SETFDZ32
;__Lib_MathDouble.c,963 :: 		
0x0258	0x2A61      	GOTO       DIV32EEE
;__Lib_MathDouble.c,964 :: 		
JPDRES032:
;__Lib_MathDouble.c,965 :: 		
0x0259	0x3002      	MOVLW      2
;__Lib_MathDouble.c,968 :: 		
0x025A	0x206D      	CALL       _RES032
;__Lib_MathDouble.c,970 :: 		
0x025B	0x2A61      	GOTO       DIV32EEE
;__Lib_MathDouble.c,971 :: 		
JPDSETFOV32:
;__Lib_MathDouble.c,972 :: 		
0x025C	0x3004      	MOVLW      4
;__Lib_MathDouble.c,975 :: 		
0x025D	0x2084      	CALL       _SETFOV32
;__Lib_MathDouble.c,977 :: 		
0x025E	0x2A61      	GOTO       DIV32EEE
;__Lib_MathDouble.c,978 :: 		
JPDSETFUN32:
;__Lib_MathDouble.c,979 :: 		
0x025F	0x3008      	MOVLW      8
;__Lib_MathDouble.c,982 :: 		
0x0260	0x2074      	CALL       _SETFUN32
;__Lib_MathDouble.c,984 :: 		
DIV32EEE:
;__Lib_MathDouble.c,985 :: 		
0x0261	0x0000      	NOP
;__Lib_MathDouble.c,994 :: 		
L_end_Div_32x32_FP:
0x0262	0x0008      	RETURN
; end of _Div_32x32_FP
_Mul_16X16_U:
;__Lib_Math.c,136 :: 		
;__Lib_Math.c,143 :: 		
0x0263	0x1283      	BCF        STATUS, 5
;__Lib_Math.c,144 :: 		
0x0264	0x1303      	BCF        STATUS, 6
;__Lib_Math.c,145 :: 		
0x0265	0x01FB      	CLRF       R11
;__Lib_Math.c,146 :: 		
0x0266	0x01FA      	CLRF       R10
;__Lib_Math.c,147 :: 		
0x0267	0x01F9      	CLRF       R9
;__Lib_Math.c,148 :: 		
0x0268	0x3080      	MOVLW      128
;__Lib_Math.c,149 :: 		
0x0269	0x00F8      	MOVWF      R8
;__Lib_Math.c,150 :: 		
0x026A	0x0CF1      	RRF        R1, 1
;__Lib_Math.c,151 :: 		
0x026B	0x0CF0      	RRF        R0, 1
;__Lib_Math.c,152 :: 		
0x026C	0x1C03      	BTFSS      STATUS, 0
;__Lib_Math.c,153 :: 		
0x026D	0x2A77      	GOTO       $+10
;__Lib_Math.c,154 :: 		
0x026E	0x0874      	MOVF       R4, 0
;__Lib_Math.c,155 :: 		
0x026F	0x07F9      	ADDWF      R9, 1
;__Lib_Math.c,156 :: 		
0x0270	0x0875      	MOVF       R5, 0
;__Lib_Math.c,157 :: 		
0x0271	0x1803      	BTFSC      STATUS, 0
;__Lib_Math.c,158 :: 		
0x0272	0x0F75      	INCFSZ     R5, 0
;__Lib_Math.c,159 :: 		
0x0273	0x07FA      	ADDWF      R10, 1
;__Lib_Math.c,160 :: 		
0x0274	0x1803      	BTFSC      STATUS, 0
;__Lib_Math.c,161 :: 		
0x0275	0x0AFB      	INCF       R11, 1
;__Lib_Math.c,162 :: 		
0x0276	0x1003      	BCF        STATUS, 0
;__Lib_Math.c,163 :: 		
0x0277	0x1FF0      	BTFSS      R0, 7
;__Lib_Math.c,164 :: 		
0x0278	0x2A7F      	GOTO       $+7
;__Lib_Math.c,165 :: 		
0x0279	0x0874      	MOVF       R4, 0
;__Lib_Math.c,166 :: 		
0x027A	0x07FA      	ADDWF      R10, 1
;__Lib_Math.c,167 :: 		
0x027B	0x0875      	MOVF       R5, 0
;__Lib_Math.c,168 :: 		
0x027C	0x1803      	BTFSC      STATUS, 0
;__Lib_Math.c,169 :: 		
0x027D	0x0F75      	INCFSZ     R5, 0
;__Lib_Math.c,170 :: 		
0x027E	0x07FB      	ADDWF      R11, 1
;__Lib_Math.c,171 :: 		
0x027F	0x0CFB      	RRF        R11, 1
;__Lib_Math.c,172 :: 		
0x0280	0x0CFA      	RRF        R10, 1
;__Lib_Math.c,173 :: 		
0x0281	0x0CF9      	RRF        R9, 1
;__Lib_Math.c,174 :: 		
0x0282	0x0CF8      	RRF        R8, 1
;__Lib_Math.c,175 :: 		
0x0283	0x1C03      	BTFSS      STATUS, 0
;__Lib_Math.c,176 :: 		
0x0284	0x2A6A      	GOTO       $-26
;__Lib_Math.c,177 :: 		
0x0285	0x087B      	MOVF       R11, 0
;__Lib_Math.c,178 :: 		
0x0286	0x00F3      	MOVWF      R3
;__Lib_Math.c,179 :: 		
0x0287	0x087A      	MOVF       R10, 0
;__Lib_Math.c,180 :: 		
0x0288	0x00F2      	MOVWF      R2
;__Lib_Math.c,181 :: 		
0x0289	0x0879      	MOVF       R9, 0
;__Lib_Math.c,182 :: 		
0x028A	0x00F1      	MOVWF      R1
;__Lib_Math.c,183 :: 		
0x028B	0x0878      	MOVF       R8, 0
;__Lib_Math.c,184 :: 		
0x028C	0x00F0      	MOVWF      R0
;__Lib_Math.c,187 :: 		
L_end_Mul_16X16_U:
0x028D	0x0008      	RETURN
; end of _Mul_16X16_U
_Div_16X16_U:
;__Lib_Math.c,215 :: 		
;__Lib_Math.c,222 :: 		
0x028E	0x1283      	BCF        STATUS, 5
;__Lib_Math.c,223 :: 		
0x028F	0x1303      	BCF        STATUS, 6
;__Lib_Math.c,224 :: 		
0x0290	0x01F8      	CLRF       R8
;__Lib_Math.c,225 :: 		
0x0291	0x01F9      	CLRF       R9
;__Lib_Math.c,226 :: 		
0x0292	0x3010      	MOVLW      16
;__Lib_Math.c,227 :: 		
0x0293	0x00FC      	MOVWF      R12
;__Lib_Math.c,228 :: 		
0x0294	0x0D71      	RLF        R1, 0
;__Lib_Math.c,229 :: 		
0x0295	0x0DF8      	RLF        R8, 1
;__Lib_Math.c,230 :: 		
0x0296	0x0DF9      	RLF        R9, 1
;__Lib_Math.c,231 :: 		
0x0297	0x0874      	MOVF       R4, 0
;__Lib_Math.c,232 :: 		
0x0298	0x02F8      	SUBWF      R8, 1
;__Lib_Math.c,233 :: 		
0x0299	0x0875      	MOVF       R5, 0
;__Lib_Math.c,234 :: 		
0x029A	0x1C03      	BTFSS      STATUS, 0
;__Lib_Math.c,235 :: 		
0x029B	0x0F75      	INCFSZ     R5, 0
;__Lib_Math.c,236 :: 		
0x029C	0x02F9      	SUBWF      R9, 1
;__Lib_Math.c,237 :: 		
0x029D	0x1803      	BTFSC      STATUS, 0
;__Lib_Math.c,238 :: 		
0x029E	0x2AA6      	GOTO       $+8
;__Lib_Math.c,239 :: 		
0x029F	0x0874      	MOVF       R4, 0
;__Lib_Math.c,240 :: 		
0x02A0	0x07F8      	ADDWF      R8, 1
;__Lib_Math.c,241 :: 		
0x02A1	0x0875      	MOVF       R5, 0
;__Lib_Math.c,242 :: 		
0x02A2	0x1803      	BTFSC      STATUS, 0
;__Lib_Math.c,243 :: 		
0x02A3	0x0F75      	INCFSZ     R5, 0
;__Lib_Math.c,244 :: 		
0x02A4	0x07F9      	ADDWF      R9, 1
;__Lib_Math.c,245 :: 		
0x02A5	0x1003      	BCF        STATUS, 0
;__Lib_Math.c,246 :: 		
0x02A6	0x0DF0      	RLF        R0, 1
;__Lib_Math.c,247 :: 		
0x02A7	0x0DF1      	RLF        R1, 1
;__Lib_Math.c,248 :: 		
0x02A8	0x0BFC      	DECFSZ     R12, 1
;__Lib_Math.c,249 :: 		
0x02A9	0x2A94      	GOTO       $-21
;__Lib_Math.c,251 :: 		
L_end_Div_16X16_U:
0x02AA	0x0008      	RETURN
; end of _Div_16X16_U
_set_dc_motor_speed:
;mars_rover.c,126 :: 		void set_dc_motor_speed(int speed_percent) {
;mars_rover.c,127 :: 		if (speed_percent > 0) {
0x02AB	0x3080      	MOVLW      128
0x02AC	0x1283      	BCF        STATUS, 5
0x02AD	0x1303      	BCF        STATUS, 6
0x02AE	0x00F0      	MOVWF      R0
0x02AF	0x3080      	MOVLW      128
0x02B0	0x063A      	XORWF      FARG_set_dc_motor_speed_speed_percent+1, 0
0x02B1	0x0270      	SUBWF      R0, 0
0x02B2	0x1D03      	BTFSS      STATUS, 2
0x02B3	0x2AB6      	GOTO       L__set_dc_motor_speed46
0x02B4	0x0839      	MOVF       FARG_set_dc_motor_speed_speed_percent, 0
0x02B5	0x3C00      	SUBLW      0
L__set_dc_motor_speed46:
0x02B6	0x1803      	BTFSC      STATUS, 0
0x02B7	0x2ABD      	GOTO       L_set_dc_motor_speed17
;mars_rover.c,129 :: 		PORTB |= (1 << 7) | (1 << 5);     // Set F7 and F5
0x02B8	0x30A0      	MOVLW      160
0x02B9	0x0486      	IORWF      PORTB, 1
;mars_rover.c,130 :: 		PORTB &= ~((1 << 6) | (1 << 4));  // Clear F6 and F4
0x02BA	0x30AF      	MOVLW      175
0x02BB	0x0586      	ANDWF      PORTB, 1
;mars_rover.c,131 :: 		} else if (speed_percent < 0) {
0x02BC	0x2ACF      	GOTO       L_set_dc_motor_speed18
L_set_dc_motor_speed17:
0x02BD	0x3080      	MOVLW      128
0x02BE	0x063A      	XORWF      FARG_set_dc_motor_speed_speed_percent+1, 0
0x02BF	0x00F0      	MOVWF      R0
0x02C0	0x3080      	MOVLW      128
0x02C1	0x0270      	SUBWF      R0, 0
0x02C2	0x1D03      	BTFSS      STATUS, 2
0x02C3	0x2AC6      	GOTO       L__set_dc_motor_speed47
0x02C4	0x3000      	MOVLW      0
0x02C5	0x0239      	SUBWF      FARG_set_dc_motor_speed_speed_percent, 0
L__set_dc_motor_speed47:
0x02C6	0x1803      	BTFSC      STATUS, 0
0x02C7	0x2ACD      	GOTO       L_set_dc_motor_speed19
;mars_rover.c,133 :: 		PORTB |= (1 << 6) | (1 << 4);     // Set F6 and F4
0x02C8	0x3050      	MOVLW      80
0x02C9	0x0486      	IORWF      PORTB, 1
;mars_rover.c,134 :: 		PORTB &= ~((1 << 7) | (1 << 5));  // Clear F7 and F5
0x02CA	0x305F      	MOVLW      95
0x02CB	0x0586      	ANDWF      PORTB, 1
;mars_rover.c,135 :: 		} else {
0x02CC	0x2ACF      	GOTO       L_set_dc_motor_speed20
L_set_dc_motor_speed19:
;mars_rover.c,137 :: 		PORTB &= ~((1 << 7) | (1 << 6) | (1 << 5) | (1 << 4));
0x02CD	0x300F      	MOVLW      15
0x02CE	0x0586      	ANDWF      PORTB, 1
;mars_rover.c,138 :: 		}
L_set_dc_motor_speed20:
L_set_dc_motor_speed18:
;mars_rover.c,141 :: 		if (speed_percent < 0) speed_percent = -speed_percent;
0x02CF	0x3080      	MOVLW      128
0x02D0	0x063A      	XORWF      FARG_set_dc_motor_speed_speed_percent+1, 0
0x02D1	0x00F0      	MOVWF      R0
0x02D2	0x3080      	MOVLW      128
0x02D3	0x0270      	SUBWF      R0, 0
0x02D4	0x1D03      	BTFSS      STATUS, 2
0x02D5	0x2AD8      	GOTO       L__set_dc_motor_speed48
0x02D6	0x3000      	MOVLW      0
0x02D7	0x0239      	SUBWF      FARG_set_dc_motor_speed_speed_percent, 0
L__set_dc_motor_speed48:
0x02D8	0x1803      	BTFSC      STATUS, 0
0x02D9	0x2AE2      	GOTO       L_set_dc_motor_speed21
0x02DA	0x0839      	MOVF       FARG_set_dc_motor_speed_speed_percent, 0
0x02DB	0x3C00      	SUBLW      0
0x02DC	0x00B9      	MOVWF      FARG_set_dc_motor_speed_speed_percent
0x02DD	0x083A      	MOVF       FARG_set_dc_motor_speed_speed_percent+1, 0
0x02DE	0x1C03      	BTFSS      STATUS, 0
0x02DF	0x3E01      	ADDLW      1
0x02E0	0x01BA      	CLRF       FARG_set_dc_motor_speed_speed_percent+1
0x02E1	0x02BA      	SUBWF      FARG_set_dc_motor_speed_speed_percent+1, 1
L_set_dc_motor_speed21:
;mars_rover.c,142 :: 		if (speed_percent > 100) speed_percent = 100;
0x02E2	0x3080      	MOVLW      128
0x02E3	0x00F0      	MOVWF      R0
0x02E4	0x3080      	MOVLW      128
0x02E5	0x063A      	XORWF      FARG_set_dc_motor_speed_speed_percent+1, 0
0x02E6	0x0270      	SUBWF      R0, 0
0x02E7	0x1D03      	BTFSS      STATUS, 2
0x02E8	0x2AEB      	GOTO       L__set_dc_motor_speed49
0x02E9	0x0839      	MOVF       FARG_set_dc_motor_speed_speed_percent, 0
0x02EA	0x3C64      	SUBLW      100
L__set_dc_motor_speed49:
0x02EB	0x1803      	BTFSC      STATUS, 0
0x02EC	0x2AF1      	GOTO       L_set_dc_motor_speed22
0x02ED	0x3064      	MOVLW      100
0x02EE	0x00B9      	MOVWF      FARG_set_dc_motor_speed_speed_percent
0x02EF	0x3000      	MOVLW      0
0x02F0	0x00BA      	MOVWF      FARG_set_dc_motor_speed_speed_percent+1
L_set_dc_motor_speed22:
;mars_rover.c,144 :: 		CCPR2L=75;
0x02F1	0x304B      	MOVLW      75
0x02F2	0x009B      	MOVWF      CCPR2L
;mars_rover.c,145 :: 		}
L_end_set_dc_motor_speed:
0x02F3	0x0008      	RETURN
; end of _set_dc_motor_speed
_pwm_init_dc:
;mars_rover.c,116 :: 		void pwm_init_dc() {
;mars_rover.c,117 :: 		TRISC.F1 = 0;            // Set RC2 as output
0x02F4	0x1683      	BSF        STATUS, 5
0x02F5	0x1303      	BCF        STATUS, 6
0x02F6	0x1087      	BCF        TRISC, 1
;mars_rover.c,118 :: 		CCP2CON = 0x0C;       // PWM mode for CCP2
0x02F7	0x300C      	MOVLW      12
0x02F8	0x1283      	BCF        STATUS, 5
0x02F9	0x009D      	MOVWF      CCP2CON
;mars_rover.c,120 :: 		PR2 = 255;
0x02FA	0x30FF      	MOVLW      255
0x02FB	0x1683      	BSF        STATUS, 5
0x02FC	0x0092      	MOVWF      PR2
;mars_rover.c,121 :: 		T2CON = 0b00000111;      // Timer2 ON, prescaler 1:1
0x02FD	0x3007      	MOVLW      7
0x02FE	0x1283      	BCF        STATUS, 5
0x02FF	0x0092      	MOVWF      T2CON
;mars_rover.c,122 :: 		}
L_end_pwm_init_dc:
0x0300	0x0008      	RETURN
; end of _pwm_init_dc
_calculate_distance:
;mars_rover.c,63 :: 		unsigned int calculate_distance(){
;mars_rover.c,64 :: 		unsigned int time = 0, distance;
;mars_rover.c,65 :: 		unsigned char triggerPin = 0, echoPin = 0; // Initialize to prevent undefined behavior
0x0301	0x1283      	BCF        STATUS, 5
0x0302	0x1303      	BCF        STATUS, 6
0x0303	0x01B9      	CLRF       calculate_distance_triggerPin_L0
0x0304	0x01BA      	CLRF       calculate_distance_echoPin_L0
;mars_rover.c,66 :: 		triggerPin = 0x20;
0x0305	0x3020      	MOVLW      32
0x0306	0x00B9      	MOVWF      calculate_distance_triggerPin_L0
;mars_rover.c,67 :: 		echoPin = 0x10;
0x0307	0x3010      	MOVLW      16
0x0308	0x00BA      	MOVWF      calculate_distance_echoPin_L0
;mars_rover.c,70 :: 		PORTC =PORTC |triggerPin; // Set trigger pin HIGH
0x0309	0x1687      	BSF        PORTC, 5
;mars_rover.c,71 :: 		Delay_us(10);        // Wait for 10 microseconds
0x030A	0x3006      	MOVLW      6
0x030B	0x00FD      	MOVWF      R13
L_calculate_distance10:
0x030C	0x0BFD      	DECFSZ     R13, 1
0x030D	0x2B0C      	GOTO       L_calculate_distance10
0x030E	0x0000      	NOP
;mars_rover.c,72 :: 		PORTC = PORTC & ~triggerPin; // Set trigger pin LOW
0x030F	0x0939      	COMF       calculate_distance_triggerPin_L0, 0
0x0310	0x00F0      	MOVWF      R0
0x0311	0x0870      	MOVF       R0, 0
0x0312	0x0587      	ANDWF      PORTC, 1
;mars_rover.c,76 :: 		while (!(PORTC & echoPin)); // Wait until echo pin goes HIGH
L_calculate_distance11:
0x0313	0x083A      	MOVF       calculate_distance_echoPin_L0, 0
0x0314	0x0507      	ANDWF      PORTC, 0
0x0315	0x00F0      	MOVWF      R0
0x0316	0x1D03      	BTFSS      STATUS, 2
0x0317	0x2B19      	GOTO       L_calculate_distance12
0x0318	0x2B13      	GOTO       L_calculate_distance11
L_calculate_distance12:
;mars_rover.c,80 :: 		TMR1H = 0;
0x0319	0x018F      	CLRF       TMR1H
;mars_rover.c,81 :: 		TMR1L = 0;
0x031A	0x018E      	CLRF       TMR1L
;mars_rover.c,85 :: 		T1CON = 0x01;
0x031B	0x3001      	MOVLW      1
0x031C	0x0090      	MOVWF      T1CON
;mars_rover.c,89 :: 		while (PORTC & echoPin); // Wait until echo pin goes LOW
L_calculate_distance13:
0x031D	0x083A      	MOVF       calculate_distance_echoPin_L0, 0
0x031E	0x0507      	ANDWF      PORTC, 0
0x031F	0x00F0      	MOVWF      R0
0x0320	0x1903      	BTFSC      STATUS, 2
0x0321	0x2B23      	GOTO       L_calculate_distance14
0x0322	0x2B1D      	GOTO       L_calculate_distance13
L_calculate_distance14:
;mars_rover.c,93 :: 		T1CON = 0x00;
0x0323	0x0190      	CLRF       T1CON
;mars_rover.c,97 :: 		time = (TMR1H << 8) | TMR1L;
0x0324	0x080F      	MOVF       TMR1H, 0
0x0325	0x00F1      	MOVWF      R0+1
0x0326	0x01F0      	CLRF       R0
0x0327	0x080E      	MOVF       TMR1L, 0
0x0328	0x04F0      	IORWF      R0, 1
0x0329	0x3000      	MOVLW      0
0x032A	0x04F1      	IORWF      R0+1, 1
;mars_rover.c,101 :: 		distance = (time * 0.0343) /2; // Distance in cm
0x032B	0x2196      	CALL       _word2double
0x032C	0x3028      	MOVLW      40
0x032D	0x00F4      	MOVWF      R4
0x032E	0x307E      	MOVLW      126
0x032F	0x00F5      	MOVWF      R4+1
0x0330	0x300C      	MOVLW      12
0x0331	0x00F6      	MOVWF      R4+2
0x0332	0x307A      	MOVLW      122
0x0333	0x00F7      	MOVWF      R4+3
0x0334	0x2135      	CALL       _Mul_32x32_FP
0x0335	0x3000      	MOVLW      0
0x0336	0x00F4      	MOVWF      R4
0x0337	0x3000      	MOVLW      0
0x0338	0x00F5      	MOVWF      R4+1
0x0339	0x3000      	MOVLW      0
0x033A	0x00F6      	MOVWF      R4+2
0x033B	0x3080      	MOVLW      128
0x033C	0x00F7      	MOVWF      R4+3
0x033D	0x21AC      	CALL       _Div_32x32_FP
0x033E	0x20D6      	CALL       _double2word
;mars_rover.c,104 :: 		return distance; // Return Distance
;mars_rover.c,105 :: 		}
L_end_calculate_distance:
0x033F	0x0008      	RETURN
; end of _calculate_distance
_ATD_init:
;mars_rover.c,12 :: 		void ATD_init(void) {
;mars_rover.c,13 :: 		ADCON0 = 0x41; // ADC ON, Channel 0 (AN0), Fosc/16
0x0340	0x3041      	MOVLW      65
0x0341	0x1283      	BCF        STATUS, 5
0x0342	0x1303      	BCF        STATUS, 6
0x0343	0x009F      	MOVWF      ADCON0
;mars_rover.c,14 :: 		ADCON1 = 0xCE; // RA0 analog, rest digital, Right justified
0x0344	0x30CE      	MOVLW      206
0x0345	0x1683      	BSF        STATUS, 5
0x0346	0x009F      	MOVWF      ADCON1
;mars_rover.c,15 :: 		}
L_end_ATD_init:
0x0347	0x0008      	RETURN
; end of _ATD_init
_ATD_read:
;mars_rover.c,17 :: 		void ATD_read(void) {
;mars_rover.c,18 :: 		ADCON0 |= 0x04;           // Start conversion
0x0348	0x1283      	BCF        STATUS, 5
0x0349	0x1303      	BCF        STATUS, 6
0x034A	0x151F      	BSF        ADCON0, 2
;mars_rover.c,19 :: 		while (ADCON0 & 0x04);    // Wait for conversion to complete
L_ATD_read0:
0x034B	0x1D1F      	BTFSS      ADCON0, 2
0x034C	0x2B4E      	GOTO       L_ATD_read1
0x034D	0x2B4B      	GOTO       L_ATD_read0
L_ATD_read1:
;mars_rover.c,20 :: 		temp_raw = ((ADRESH << 8) | ADRESL); // Combine high and low results
0x034E	0x081E      	MOVF       ADRESH, 0
0x034F	0x00F1      	MOVWF      R0+1
0x0350	0x01F0      	CLRF       R0
0x0351	0x1683      	BSF        STATUS, 5
0x0352	0x081E      	MOVF       ADRESL, 0
0x0353	0x04F0      	IORWF      R0, 1
0x0354	0x3000      	MOVLW      0
0x0355	0x04F1      	IORWF      R0+1, 1
0x0356	0x0870      	MOVF       R0, 0
0x0357	0x1283      	BCF        STATUS, 5
0x0358	0x00AD      	MOVWF      _temp_raw
0x0359	0x0871      	MOVF       R0+1, 0
0x035A	0x00AE      	MOVWF      _temp_raw+1
;mars_rover.c,21 :: 		temp_celsius = (temp_raw * 488) / 1000;    // Convert to C (10mV per C)
0x035B	0x30E8      	MOVLW      232
0x035C	0x00F4      	MOVWF      R4
0x035D	0x3001      	MOVLW      1
0x035E	0x00F5      	MOVWF      R4+1
0x035F	0x2263      	CALL       _Mul_16X16_U
0x0360	0x30E8      	MOVLW      232
0x0361	0x00F4      	MOVWF      R4
0x0362	0x3003      	MOVLW      3
0x0363	0x00F5      	MOVWF      R4+1
0x0364	0x228E      	CALL       _Div_16X16_U
0x0365	0x0870      	MOVF       R0, 0
0x0366	0x00AB      	MOVWF      _temp_celsius
0x0367	0x0871      	MOVF       R0+1, 0
0x0368	0x00AC      	MOVWF      _temp_celsius+1
;mars_rover.c,22 :: 		if (temp_celsius > 10) {
0x0369	0x3080      	MOVLW      128
0x036A	0x00F2      	MOVWF      R2
0x036B	0x3080      	MOVLW      128
0x036C	0x0671      	XORWF      R0+1, 0
0x036D	0x0272      	SUBWF      R2, 0
0x036E	0x1D03      	BTFSS      STATUS, 2
0x036F	0x2B72      	GOTO       L__ATD_read39
0x0370	0x0870      	MOVF       R0, 0
0x0371	0x3C0A      	SUBLW      10
L__ATD_read39:
0x0372	0x1803      	BTFSC      STATUS, 0
0x0373	0x2B76      	GOTO       L_ATD_read2
;mars_rover.c,23 :: 		PORTB |= 0x04; // Turn on LEDs or fan if temp > 10C
0x0374	0x1506      	BSF        PORTB, 2
;mars_rover.c,24 :: 		} else {
0x0375	0x2B77      	GOTO       L_ATD_read3
L_ATD_read2:
;mars_rover.c,25 :: 		PORTB &= ~0x04; // Turn off
0x0376	0x1106      	BCF        PORTB, 2
;mars_rover.c,26 :: 		}
L_ATD_read3:
;mars_rover.c,27 :: 		}
L_end_ATD_read:
0x0377	0x0008      	RETURN
; end of _ATD_read
___CC2DW:
;__Lib_System.c,134 :: 		
;__Lib_System.c,137 :: 		
_CC2D_Loop1:
;__Lib_System.c,139 :: 		
0x0378	0x20CF      	CALL       _____DoICP
0x0379	0x118A      	BCF        PCLATH, 3
0x037A	0x120A      	BCF        PCLATH, 4
;__Lib_System.c,141 :: 		
0x037B	0x0080      	MOVWF      INDF
;__Lib_System.c,142 :: 		
0x037C	0x0A84      	INCF       FSR, 1
;__Lib_System.c,143 :: 		
0x037D	0x0AAF      	INCF       ___DoICPAddr, 1
;__Lib_System.c,145 :: 		
0x037E	0x1903      	BTFSC      STATUS, 2
;__Lib_System.c,146 :: 		
0x037F	0x0AB0      	INCF       ___DoICPAddr+1, 1
;__Lib_System.c,147 :: 		
0x0380	0x03F0      	DECF       R0, 1
;__Lib_System.c,149 :: 		
0x0381	0x1D03      	BTFSS      STATUS, 2
;__Lib_System.c,150 :: 		
0x0382	0x2B78      	GOTO       _CC2D_Loop1
;__Lib_System.c,152 :: 		
L_end___CC2DW:
0x0383	0x0008      	RETURN
; end of ___CC2DW
_main:
0x0384	0x1283      	BCF        STATUS, 5
0x0385	0x1303      	BCF        STATUS, 6
0x0386	0x01AB      	CLRF       _temp_celsius
0x0387	0x01AC      	CLRF       44
0x0388	0x01AD      	CLRF       _temp_raw
0x0389	0x01AE      	CLRF       46
;mars_rover.c,146 :: 		void main(void) {
;mars_rover.c,147 :: 		ATD_init();
0x038A	0x2340      	CALL       _ATD_init
;mars_rover.c,148 :: 		pwm_init_dc();
0x038B	0x22F4      	CALL       _pwm_init_dc
;mars_rover.c,151 :: 		OPTION_REG.INTEDG = 0;         // Interrupt on falling edge (1 ? 0) for RB0
0x038C	0x1683      	BSF        STATUS, 5
0x038D	0x1301      	BCF        OPTION_REG, 6
;mars_rover.c,152 :: 		INTCON |= 0b11110000;          // Enable Global (GIE), Peripheral (PEIE), and External (INTE) interrupts
0x038E	0x30F0      	MOVLW      240
0x038F	0x048B      	IORWF      INTCON, 1
;mars_rover.c,155 :: 		TRISA = 0x01;                  // RA0 input (for analog), rest output
0x0390	0x3001      	MOVLW      1
0x0391	0x0085      	MOVWF      TRISA
;mars_rover.c,156 :: 		TRISB = 0b00000001;            // RB0 as input (INT), others as output
0x0392	0x3001      	MOVLW      1
0x0393	0x0086      	MOVWF      TRISB
;mars_rover.c,157 :: 		TRISC = 0b00010001;            // RC0 and RC4 as input, others output
0x0394	0x3011      	MOVLW      17
0x0395	0x0087      	MOVWF      TRISC
;mars_rover.c,158 :: 		TRISD = 0x00;                  // PORTD as output
0x0396	0x0188      	CLRF       TRISD
;mars_rover.c,161 :: 		T1CON = 0x01;                  // Enable Timer1
0x0397	0x3001      	MOVLW      1
0x0398	0x1283      	BCF        STATUS, 5
0x0399	0x0090      	MOVWF      T1CON
;mars_rover.c,162 :: 		PORTB = 0x00;                  // Clear PORTB
0x039A	0x0186      	CLRF       PORTB
;mars_rover.c,163 :: 		PORTC = 0x00;                  // Clear PORTC
0x039B	0x0187      	CLRF       PORTC
;mars_rover.c,164 :: 		PORTD = 0x00;                  // Clear PORTD
0x039C	0x0188      	CLRF       PORTD
;mars_rover.c,167 :: 		OPTION_REG = 0b00000011;       // PSA=0, Prescaler 1:64, T0CS=0 (internal clock)
0x039D	0x3003      	MOVLW      3
0x039E	0x1683      	BSF        STATUS, 5
0x039F	0x0081      	MOVWF      OPTION_REG
;mars_rover.c,170 :: 		TMR1H = 0;
0x03A0	0x1283      	BCF        STATUS, 5
0x03A1	0x018F      	CLRF       TMR1H
;mars_rover.c,171 :: 		TMR1L = 0;
0x03A2	0x018E      	CLRF       TMR1L
;mars_rover.c,172 :: 		HL = 1;                        // Start with High
0x03A3	0x3001      	MOVLW      1
0x03A4	0x00B1      	MOVWF      _HL
;mars_rover.c,173 :: 		CCP1CON = 0x08;                // Compare mode, set output on match
0x03A5	0x3008      	MOVLW      8
0x03A6	0x0097      	MOVWF      CCP1CON
;mars_rover.c,174 :: 		PIE1 |= 0x04;                  // Enable CCP1 interrupt
0x03A7	0x1683      	BSF        STATUS, 5
0x03A8	0x150C      	BSF        PIE1, 2
;mars_rover.c,175 :: 		CCPR1H = 2000 >> 8;
0x03A9	0x3007      	MOVLW      7
0x03AA	0x1283      	BCF        STATUS, 5
0x03AB	0x0096      	MOVWF      CCPR1H
;mars_rover.c,176 :: 		CCPR1L = 2000;
0x03AC	0x30D0      	MOVLW      208
0x03AD	0x0095      	MOVWF      CCPR1L
;mars_rover.c,179 :: 		x = 0;
0x03AE	0x01B2      	CLRF       _x
;mars_rover.c,180 :: 		tmr0=0;
0x03AF	0x0181      	CLRF       TMR0
;mars_rover.c,182 :: 		while (1) {
L_main23:
;mars_rover.c,183 :: 		set_dc_motor_speed(5);  // Forward
0x03B0	0x3005      	MOVLW      5
0x03B1	0x00B9      	MOVWF      FARG_set_dc_motor_speed_speed_percent
0x03B2	0x3000      	MOVLW      0
0x03B3	0x00BA      	MOVWF      FARG_set_dc_motor_speed_speed_percent+1
0x03B4	0x22AB      	CALL       _set_dc_motor_speed
;mars_rover.c,184 :: 		Delay_ms(1000);         // Wait 1 second
0x03B5	0x300B      	MOVLW      11
0x03B6	0x00FB      	MOVWF      R11
0x03B7	0x3026      	MOVLW      38
0x03B8	0x00FC      	MOVWF      R12
0x03B9	0x305D      	MOVLW      93
0x03BA	0x00FD      	MOVWF      R13
L_main25:
0x03BB	0x0BFD      	DECFSZ     R13, 1
0x03BC	0x2BBB      	GOTO       L_main25
0x03BD	0x0BFC      	DECFSZ     R12, 1
0x03BE	0x2BBB      	GOTO       L_main25
0x03BF	0x0BFB      	DECFSZ     R11, 1
0x03C0	0x2BBB      	GOTO       L_main25
0x03C1	0x0000      	NOP
0x03C2	0x0000      	NOP
;mars_rover.c,185 :: 		set_dc_motor_speed(0);  // Stop
0x03C3	0x01B9      	CLRF       FARG_set_dc_motor_speed_speed_percent
0x03C4	0x01BA      	CLRF       FARG_set_dc_motor_speed_speed_percent+1
0x03C5	0x22AB      	CALL       _set_dc_motor_speed
;mars_rover.c,186 :: 		Delay_ms(1000);
0x03C6	0x300B      	MOVLW      11
0x03C7	0x00FB      	MOVWF      R11
0x03C8	0x3026      	MOVLW      38
0x03C9	0x00FC      	MOVWF      R12
0x03CA	0x305D      	MOVLW      93
0x03CB	0x00FD      	MOVWF      R13
L_main26:
0x03CC	0x0BFD      	DECFSZ     R13, 1
0x03CD	0x2BCC      	GOTO       L_main26
0x03CE	0x0BFC      	DECFSZ     R12, 1
0x03CF	0x2BCC      	GOTO       L_main26
0x03D0	0x0BFB      	DECFSZ     R11, 1
0x03D1	0x2BCC      	GOTO       L_main26
0x03D2	0x0000      	NOP
0x03D3	0x0000      	NOP
;mars_rover.c,190 :: 		if (calculate_distance() < 10) {
0x03D4	0x2301      	CALL       _calculate_distance
0x03D5	0x3000      	MOVLW      0
0x03D6	0x0271      	SUBWF      R0+1, 0
0x03D7	0x1D03      	BTFSS      STATUS, 2
0x03D8	0x2BDB      	GOTO       L__main51
0x03D9	0x300A      	MOVLW      10
0x03DA	0x0270      	SUBWF      R0, 0
L__main51:
0x03DB	0x1803      	BTFSC      STATUS, 0
0x03DC	0x2BDF      	GOTO       L_main27
;mars_rover.c,191 :: 		PORTC.F6 = 1;
0x03DD	0x1707      	BSF        PORTC, 6
;mars_rover.c,193 :: 		} else {
0x03DE	0x2BE0      	GOTO       L_main28
L_main27:
;mars_rover.c,194 :: 		PORTC.F6 = 0;
0x03DF	0x1307      	BCF        PORTC, 6
;mars_rover.c,196 :: 		}
L_main28:
;mars_rover.c,198 :: 		DELAY_MS(1000);
0x03E0	0x300B      	MOVLW      11
0x03E1	0x00FB      	MOVWF      R11
0x03E2	0x3026      	MOVLW      38
0x03E3	0x00FC      	MOVWF      R12
0x03E4	0x305D      	MOVLW      93
0x03E5	0x00FD      	MOVWF      R13
L_main29:
0x03E6	0x0BFD      	DECFSZ     R13, 1
0x03E7	0x2BE6      	GOTO       L_main29
0x03E8	0x0BFC      	DECFSZ     R12, 1
0x03E9	0x2BE6      	GOTO       L_main29
0x03EA	0x0BFB      	DECFSZ     R11, 1
0x03EB	0x2BE6      	GOTO       L_main29
0x03EC	0x0000      	NOP
0x03ED	0x0000      	NOP
;mars_rover.c,200 :: 		PIE1 &= ~0x04;           // Disable CCP1 interrupt
0x03EE	0x1683      	BSF        STATUS, 5
0x03EF	0x110C      	BCF        PIE1, 2
;mars_rover.c,201 :: 		T1CON = 0x00;            // Disable Timer1
0x03F0	0x1283      	BCF        STATUS, 5
0x03F1	0x0190      	CLRF       T1CON
;mars_rover.c,202 :: 		Delay_ms(10);            // Small delay for safety
0x03F2	0x301A      	MOVLW      26
0x03F3	0x00FC      	MOVWF      R12
0x03F4	0x30F8      	MOVLW      248
0x03F5	0x00FD      	MOVWF      R13
L_main30:
0x03F6	0x0BFD      	DECFSZ     R13, 1
0x03F7	0x2BF6      	GOTO       L_main30
0x03F8	0x0BFC      	DECFSZ     R12, 1
0x03F9	0x2BF6      	GOTO       L_main30
0x03FA	0x0000      	NOP
;mars_rover.c,204 :: 		distance = calculate_distance();
0x03FB	0x2301      	CALL       _calculate_distance
0x03FC	0x0870      	MOVF       R0, 0
0x03FD	0x00B3      	MOVWF      _distance
0x03FE	0x0871      	MOVF       R0+1, 0
0x03FF	0x00B4      	MOVWF      _distance+1
;mars_rover.c,205 :: 		if (distance < 10) {
0x0400	0x3000      	MOVLW      0
0x0401	0x0271      	SUBWF      R0+1, 0
0x0402	0x1D03      	BTFSS      STATUS, 2
0x0403	0x2C06      	GOTO       L__main52
0x0404	0x300A      	MOVLW      10
0x0405	0x0270      	SUBWF      R0, 0
L__main52:
0x0406	0x1803      	BTFSC      STATUS, 0
0x0407	0x2C0A      	GOTO       L_main31
;mars_rover.c,206 :: 		PORTC.F6 = 1; // Close object
0x0408	0x1707      	BSF        PORTC, 6
;mars_rover.c,207 :: 		} else {
0x0409	0x2C0B      	GOTO       L_main32
L_main31:
;mars_rover.c,208 :: 		PORTC.F6 = 0;
0x040A	0x1307      	BCF        PORTC, 6
;mars_rover.c,209 :: 		}
L_main32:
;mars_rover.c,211 :: 		Delay_ms(100);           // Let things settle
0x040B	0x3002      	MOVLW      2
0x040C	0x00FB      	MOVWF      R11
0x040D	0x3004      	MOVLW      4
0x040E	0x00FC      	MOVWF      R12
0x040F	0x30BA      	MOVLW      186
0x0410	0x00FD      	MOVWF      R13
L_main33:
0x0411	0x0BFD      	DECFSZ     R13, 1
0x0412	0x2C11      	GOTO       L_main33
0x0413	0x0BFC      	DECFSZ     R12, 1
0x0414	0x2C11      	GOTO       L_main33
0x0415	0x0BFB      	DECFSZ     R11, 1
0x0416	0x2C11      	GOTO       L_main33
0x0417	0x0000      	NOP
;mars_rover.c,215 :: 		TMR1H = 0;
0x0418	0x018F      	CLRF       TMR1H
;mars_rover.c,216 :: 		TMR1L = 0;
0x0419	0x018E      	CLRF       TMR1L
;mars_rover.c,217 :: 		PIE1 |= 0x04;            // Re-enable CCP1 interrupt
0x041A	0x1683      	BSF        STATUS, 5
0x041B	0x150C      	BSF        PIE1, 2
;mars_rover.c,218 :: 		T1CON = 0x01;            // Restart Timer1
0x041C	0x3001      	MOVLW      1
0x041D	0x1283      	BCF        STATUS, 5
0x041E	0x0090      	MOVWF      T1CON
;mars_rover.c,221 :: 		if (!x)
0x041F	0x0832      	MOVF       _x, 0
0x0420	0x1D03      	BTFSS      STATUS, 2
0x0421	0x2C27      	GOTO       L_main34
;mars_rover.c,222 :: 		angle = 3500;
0x0422	0x30AC      	MOVLW      172
0x0423	0x00B5      	MOVWF      _angle
0x0424	0x300D      	MOVLW      13
0x0425	0x00B6      	MOVWF      _angle+1
0x0426	0x2C2B      	GOTO       L_main35
L_main34:
;mars_rover.c,224 :: 		angle = 1500;
0x0427	0x30DC      	MOVLW      220
0x0428	0x00B5      	MOVWF      _angle
0x0429	0x3005      	MOVLW      5
0x042A	0x00B6      	MOVWF      _angle+1
L_main35:
;mars_rover.c,225 :: 		x = !x;
0x042B	0x0832      	MOVF       _x, 0
0x042C	0x3001      	MOVLW      1
0x042D	0x1D03      	BTFSS      STATUS, 2
0x042E	0x3000      	MOVLW      0
0x042F	0x00B2      	MOVWF      _x
;mars_rover.c,227 :: 		Delay_ms(1000); // Wait before next cycle
0x0430	0x300B      	MOVLW      11
0x0431	0x00FB      	MOVWF      R11
0x0432	0x3026      	MOVLW      38
0x0433	0x00FC      	MOVWF      R12
0x0434	0x305D      	MOVLW      93
0x0435	0x00FD      	MOVWF      R13
L_main36:
0x0436	0x0BFD      	DECFSZ     R13, 1
0x0437	0x2C36      	GOTO       L_main36
0x0438	0x0BFC      	DECFSZ     R12, 1
0x0439	0x2C36      	GOTO       L_main36
0x043A	0x0BFB      	DECFSZ     R11, 1
0x043B	0x2C36      	GOTO       L_main36
0x043C	0x0000      	NOP
0x043D	0x0000      	NOP
;mars_rover.c,228 :: 		}
0x043E	0x2BB0      	GOTO       L_main23
;mars_rover.c,229 :: 		}
L_end_main:
0x043F	0x2C3F      	GOTO       $+0
; end of _main
Symbol List:
//** Routines locations **
//ADDRESS    SIZE    PROCEDURE
//----------------------------------------------
0x0004     [105]    _interrupt
0x006D       [7]    _RES032
0x0074      [12]    _SETFUN32
0x0080       [4]    _FIXSIGN32
0x0084      [12]    _SETFOV32
0x0090       [3]    _SETFDZ32
0x0093      [13]    _SETIOV3224
0x00A0      [47]    _NRM3232
0x00CF       [7]    _____DoICP
0x00D6      [95]    _double2word
0x0135      [97]    _Mul_32x32_FP
0x0196      [22]    _word2double
0x01AC     [183]    _Div_32x32_FP
0x0263      [43]    _Mul_16X16_U
0x028E      [29]    _Div_16X16_U
0x02AB      [73]    _set_dc_motor_speed
0x02F4      [13]    _pwm_init_dc
0x0301      [63]    _calculate_distance
0x0340       [8]    _ATD_init
0x0348      [48]    _ATD_read
0x0378      [12]    ___CC2DW
0x0384     [188]    _main
//** Variables locations ** 
//ADDRESS    SIZE    VARIABLE
//----------------------------------------------
0x0000       [1]    INDF
0x0001       [1]    TMR0
0x0002       [1]    PCL
0x0003       [1]    STATUS
0x0004       [1]    FSR
0x0006       [1]    PORTB
0x0007       [1]    PORTC
0x0008       [1]    PORTD
0x000A       [1]    PCLATH
0x000B       [1]    INTCON
0x000C       [1]    PIR1
0x000E       [1]    TMR1L
0x000F       [1]    TMR1H
0x0010       [1]    T1CON
0x0012       [1]    T2CON
0x0015       [1]    CCPR1L
0x0016       [1]    CCPR1H
0x0017       [1]    CCP1CON
0x001B       [1]    CCPR2L
0x001D       [1]    CCP2CON
0x001E       [1]    ADRESH
0x001F       [1]    ADCON0
0x0020       [1]    __math_tempbD
0x002B       [2]    _temp_celsius
0x002D       [2]    _temp_raw
0x002F       [2]    ___DoICPAddr
0x0031       [1]    _HL
0x0032       [1]    _x
0x0033       [2]    _distance
0x0035       [2]    _angle
0x0037       [1]    ___savePCLATH
0x0038       [1]    ___saveSTATUS
0x0039       [1]    calculate_distance_triggerPin_L0
0x0039       [2]    FARG_set_dc_motor_speed_speed_percent
0x003A       [1]    calculate_distance_echoPin_L0
0x0070       [1]    R0
0x0071       [1]    R1
0x0072       [1]    R2
0x0073       [1]    R3
0x0074       [1]    R4
0x0075       [1]    R5
0x0076       [1]    R6
0x0077       [1]    R7
0x0078       [1]    R8
0x0079       [1]    R9
0x007A       [1]    R10
0x007B       [1]    R11
0x007C       [1]    R12
0x007D       [1]    R13
0x007E       [1]    R14
0x007F       [1]    R15
0x0081       [1]    OPTION_REG
0x0085       [1]    TRISA
0x0086       [1]    TRISB
0x0087       [1]    TRISC
0x0088       [1]    TRISD
0x008C       [1]    PIE1
0x0092       [1]    PR2
0x009E       [1]    ADRESL
0x009F       [1]    ADCON1
